Wednesday 2nd October 2019 04:22:04 AM [INFO] ::: [app.database.php]  Database connected Successfully 
Wednesday 2nd October 2019 04:22:04 AM [INFO] ::: [app.database.php]  Query(Status-ERROR) : INSERT INTO panelboardmembers(profile_pic, name, role, description, bg-css) VALUES ('http://localhost/prjs/rsbr/webapp/uploads/panelBoard/Fish-Images-HD.jpg','fergerger`','wewfrf','eeffrrf','bg-red'); 
Wednesday 2nd October 2019 04:24:17 AM [INFO] ::: [app.database.php]  Database connected Successfully 
Wednesday 2nd October 2019 04:24:17 AM [INFO] ::: [app.database.php]  Query(Status-ERROR) : INSERT INTO panelboardmembers(profile_pic, name, role, description, bg-css) VALUES ('http://localhost/prjs/rsbr/webapp/uploads/panelBoard/Fish-Images-HD.jpg','sfrefrf`ee`','adefwe','fegtgtrt','bg-pink'); 
Wednesday 2nd October 2019 04:26:11 AM [INFO] ::: [app.database.php]  Database connected Successfully 
Wednesday 2nd October 2019 04:26:11 AM [INFO] ::: [app.database.php]  Query(Status-SUCCESS) : INSERT INTO panelboardmembers(profile_pic, name, role, description, bgcss) VALUES ('http://localhost/prjs/rsbr/webapp/uploads/panelBoard/Fish-Images-HD.jpg','sfrefrf`ee`','adefwe','fegtgtrt','bg-pink'); 
Wednesday 2nd October 2019 04:35:11 AM [INFO] ::: [app.database.php]  Database connected Successfully 
Wednesday 2nd October 2019 04:42:09 AM [INFO] ::: [app.database.php]  Database connected Successfully 
Wednesday 2nd October 2019 04:43:00 AM [INFO] ::: [app.database.php]  Database connected Successfully 
Wednesday 2nd October 2019 04:45:25 AM [INFO] ::: [app.database.php]  Database connected Successfully 
Wednesday 2nd October 2019 04:46:10 AM [INFO] ::: [app.database.php]  Database connected Successfully 
Wednesday 2nd October 2019 04:46:10 AM [INFO] ::: [app.database.php]  Query(Status-SUCCESS) : INSERT INTO panelboardmembers(profile_pic, name, role, description, bgcss) VALUES ('http://localhost/prjs/rsbr/webapp/uploads/panelBoard/6EkoAJ01XXTWAI-WxuZlGIcAj5OmXZfhIcx6WXaWlAiHH41zyZ9dfvXIFOPkCB-Dwt_U=h900.jpg','ddrtbrbykdvcf','svdfvg','sfvvgvgrfvg','bg-dodgerBlue'); 
Wednesday 2nd October 2019 04:46:11 AM [INFO] ::: [app.database.php]  Database connected Successfully 
Wednesday 2nd October 2019 04:48:20 AM [INFO] ::: [app.database.php]  Database connected Successfully 
Wednesday 2nd October 2019 04:54:56 AM [INFO] ::: [app.database.php]  Database connected Successfully 
Wednesday 2nd October 2019 04:55:12 AM [INFO] ::: [app.database.php]  Database connected Successfully 
Wednesday 2nd October 2019 04:55:14 AM [INFO] ::: [app.database.php]  Database connected Successfully 
Wednesday 2nd October 2019 04:55:32 AM [INFO] ::: [app.database.php]  Database connected Successfully 
Wednesday 2nd October 2019 04:56:07 AM [INFO] ::: [app.database.php]  Database connected Successfully 
Wednesday 2nd October 2019 04:56:24 AM [INFO] ::: [app.database.php]  Database connected Successfully 
Wednesday 2nd October 2019 04:56:49 AM [INFO] ::: [app.database.php]  Database connected Successfully 
Wednesday 2nd October 2019 04:56:56 AM [INFO] ::: [app.database.php]  Database connected Successfully 
Wednesday 2nd October 2019 04:57:15 AM [INFO] ::: [app.database.php]  Database connected Successfully 
Wednesday 2nd October 2019 04:57:38 AM [INFO] ::: [app.database.php]  Database connected Successfully 
Wednesday 2nd October 2019 04:57:53 AM [INFO] ::: [app.database.php]  Database connected Successfully 
Wednesday 2nd October 2019 05:00:09 AM [INFO] ::: [app.database.php]  Database connected Successfully 
Wednesday 2nd October 2019 05:00:50 AM [INFO] ::: [app.database.php]  Database connected Successfully 
Wednesday 2nd October 2019 05:05:19 AM [INFO] ::: [app.database.php]  Database connected Successfully 
Wednesday 2nd October 2019 05:05:28 AM [INFO] ::: [app.database.php]  Database connected Successfully 
Wednesday 2nd October 2019 05:05:29 AM [INFO] ::: [app.database.php]  Database connected Successfully 
Wednesday 2nd October 2019 05:06:08 AM [INFO] ::: [app.database.php]  Database connected Successfully 
Wednesday 2nd October 2019 05:21:20 AM [INFO] ::: [app.database.php]  Database connected Successfully 
Wednesday 2nd October 2019 05:23:47 AM [INFO] ::: [app.database.php]  Database connected Successfully 
Wednesday 2nd October 2019 05:24:45 AM [INFO] ::: [app.database.php]  Database connected Successfully 
Wednesday 2nd October 2019 05:25:01 AM [INFO] ::: [app.database.php]  Database connected Successfully 
Wednesday 2nd October 2019 05:25:09 AM [INFO] ::: [app.database.php]  Database connected Successfully 
Wednesday 2nd October 2019 06:20:12 AM [INFO] ::: [app.database.php]  Database connected Successfully 
Wednesday 2nd October 2019 06:20:16 AM [INFO] ::: [app.database.php]  Database connected Successfully 
Wednesday 2nd October 2019 06:33:49 AM [INFO] ::: [app.database.php]  Database connected Successfully 
Wednesday 2nd October 2019 06:34:21 AM [INFO] ::: [app.database.php]  Database connected Successfully 
Wednesday 2nd October 2019 06:35:38 AM [INFO] ::: [app.database.php]  Database connected Successfully 
Wednesday 2nd October 2019 06:36:09 AM [INFO] ::: [app.database.php]  Database connected Successfully 
Wednesday 2nd October 2019 06:37:17 AM [INFO] ::: [app.database.php]  Database connected Successfully 
Wednesday 2nd October 2019 06:37:32 AM [INFO] ::: [app.database.php]  Database connected Successfully 
Wednesday 2nd October 2019 06:38:27 AM [INFO] ::: [app.database.php]  Database connected Successfully 
Wednesday 2nd October 2019 06:39:30 AM [INFO] ::: [app.database.php]  Database connected Successfully 
Wednesday 2nd October 2019 06:40:38 AM [INFO] ::: [app.database.php]  Database connected Successfully 
Wednesday 2nd October 2019 06:42:32 AM [INFO] ::: [app.database.php]  Database connected Successfully 
Wednesday 2nd October 2019 08:08:01 AM [INFO] ::: [app.database.php]  Database connected Successfully 
Wednesday 2nd October 2019 08:08:08 AM [INFO] ::: [app.database.php]  Database connected Successfully 
Wednesday 2nd October 2019 11:54:11 AM [INFO] ::: [app.database.php]  Database connected Successfully 
Wednesday 2nd October 2019 11:54:11 AM [INFO] ::: [app.database.php]  Query(Status-ERROR) : INSERT INTO news(title, picture, desc, ts) VALUES ('dfeverv','http://localhost/prjs/rsbr/webapp/uploads/news/13.jpg','Write your <b>NewsFeed</b> herev dvfv','2019-10-02 11:54:10'); 
Wednesday 2nd October 2019 11:55:40 AM [INFO] ::: [app.database.php]  Database connected Successfully 
Wednesday 2nd October 2019 11:55:40 AM [INFO] ::: [app.database.php]  Query(Status-SUCCESS) : INSERT INTO news(title, picture, newsDesc, ts) VALUES ('dfeverv','http://localhost/prjs/rsbr/webapp/uploads/news/13.jpg','Write your <b>NewsFeed</b> herev dvfv','2019-10-02 11:55:39'); 
Wednesday 2nd October 2019 11:58:05 AM [INFO] ::: [app.database.php]  Database connected Successfully 
Wednesday 2nd October 2019 11:58:05 AM [INFO] ::: [app.database.php]  Query(Status-SUCCESS) : INSERT INTO news(title, picture, newsDesc, ts) VALUES ('Super Hit','http://localhost/prjs/rsbr/webapp/uploads/news/13.jpg','<p style="margin-bottom: 0px; -webkit-tap-highlight-color: rgba(0, 0, 0, 0); font-size: 19.2px; line-height: 1.8rem; color: rgba(0, 0, 0, 0.84); font-family: &quot;PT Sans&quot;, sans-serif;">Candles are always in demand, which is what makes this an extremely popular business option. The traditional demand for candles comes from religious and decoration purposes. During festivals, the demand is extremely high. Otherwise too, these days the demand for scented and therapeutic candles is also on the rise with many restaurants, households, and hotels using them to create an ambience.&nbsp;</p><p style="margin-bottom: 0px; -webkit-tap-highlight-color: rgba(0, 0, 0, 0); font-size: 19.2px; line-height: 1.8rem; color: rgba(0, 0, 0, 0.84); font-family: &quot;PT Sans&quot;, sans-serif;"><br style="-webkit-tap-highlight-color: rgba(0, 0, 0, 0);"></p><p style="margin-bottom: 0px; -webkit-tap-highlight-color: rgba(0, 0, 0, 0); font-size: 19.2px; line-height: 1.8rem; color: rgba(0, 0, 0, 0.84); font-family: &quot;PT Sans&quot;, sans-serif;"><span style="font-weight: 700; -webkit-tap-highlight-color: rgba(0, 0, 0, 0);">The candle-making business can be initiated from home with low investment of approximately Rs 20,000-Rs 30,000.</span></p><p style="margin-bottom: 0px; -webkit-tap-highlight-color: rgba(0, 0, 0, 0); font-size: 19.2px; line-height: 1.8rem; color: rgba(0, 0, 0, 0.84); font-family: &quot;PT Sans&quot;, sans-serif;"><br style="-webkit-tap-highlight-color: rgba(0, 0, 0, 0);"></p><p style="margin-bottom: 0px; -webkit-tap-highlight-color: rgba(0, 0, 0, 0); font-size: 19.2px; line-height: 1.8rem; color: rgba(0, 0, 0, 0.84); font-family: &quot;PT Sans&quot;, sans-serif;">The raw materials used to start the business include wax, wick, moulds, thread, aroma oils, and more.&nbsp;</p><p style="margin-bottom: 0px; -webkit-tap-highlight-color: rgba(0, 0, 0, 0); font-size: 19.2px; line-height: 1.8rem; color: rgba(0, 0, 0, 0.84); font-family: &quot;PT Sans&quot;, sans-serif;"><br style="-webkit-tap-highlight-color: rgba(0, 0, 0, 0);"></p><p style="margin-bottom: 0px; -webkit-tap-highlight-color: rgba(0, 0, 0, 0); font-size: 19.2px; line-height: 1.8rem; color: rgba(0, 0, 0, 0.84); font-family: &quot;PT Sans&quot;, sans-serif;">Apart from the major raw materials, you also need to have some candle-making equipment. This includes a melting pot, thermometer, pour pot, weighing scale, hammer, and an oven (to melt wax).</p><p style="margin-bottom: 0px; -webkit-tap-highlight-color: rgba(0, 0, 0, 0); font-size: 19.2px; line-height: 1.8rem; color: rgba(0, 0, 0, 0.84); font-family: &quot;PT Sans&quot;, sans-serif;"><br></p><p style="margin-bottom: 0px; -webkit-tap-highlight-color: rgba(0, 0, 0, 0); font-size: 19.2px; line-height: 1.8rem; color: rgba(0, 0, 0, 0.84); font-family: &quot;PT Sans&quot;, sans-serif;">Pickles are a traditional food item in India and are extremely popular. You will find at least one variant of pickle in every Indian household. Thus, if you want to start small, a pickle business is a safe and easy option.</p><p style="margin-bottom: 0px; -webkit-tap-highlight-color: rgba(0, 0, 0, 0); font-size: 19.2px; line-height: 1.8rem; color: rgba(0, 0, 0, 0.84); font-family: &quot;PT Sans&quot;, sans-serif;"><br style="-webkit-tap-highlight-color: rgba(0, 0, 0, 0);"></p><p style="margin-bottom: 0px; -webkit-tap-highlight-color: rgba(0, 0, 0, 0); font-size: 19.2px; line-height: 1.8rem; color: rgba(0, 0, 0, 0.84); font-family: &quot;PT Sans&quot;, sans-serif;">Apart from the Indian market, Indian pickles are greatly in demand abroad.&nbsp;</p><p style="margin-bottom: 0px; -webkit-tap-highlight-color: rgba(0, 0, 0, 0); font-size: 19.2px; line-height: 1.8rem; color: rgba(0, 0, 0, 0.84); font-family: &quot;PT Sans&quot;, sans-serif;"><br style="-webkit-tap-highlight-color: rgba(0, 0, 0, 0);"></p><p style="margin-bottom: 0px; -webkit-tap-highlight-color: rgba(0, 0, 0, 0); font-size: 19.2px; line-height: 1.8rem; color: rgba(0, 0, 0, 0.84); font-family: &quot;PT Sans&quot;, sans-serif;"><span style="font-weight: 700; -webkit-tap-highlight-color: rgba(0, 0, 0, 0);">You can start this business at your home with a small capital of approximately Rs 20,000-Rs 25,000.&nbsp;</span></p><p style="margin-bottom: 0px; -webkit-tap-highlight-color: rgba(0, 0, 0, 0); font-size: 19.2px; line-height: 1.8rem; color: rgba(0, 0, 0, 0.84); font-family: &quot;PT Sans&quot;, sans-serif;"><span style="font-weight: 700; -webkit-tap-highlight-color: rgba(0, 0, 0, 0);"><br></span></p><p style="margin-bottom: 0px; -webkit-tap-highlight-color: rgba(0, 0, 0, 0); font-size: 19.2px; line-height: 1.8rem; color: rgba(0, 0, 0, 0.84); font-family: &quot;PT Sans&quot;, sans-serif;">India’s agarbatti (incense sticks) market is growing due to large demand in the country and abroad.&nbsp;</p><p style="margin-bottom: 0px; -webkit-tap-highlight-color: rgba(0, 0, 0, 0); font-size: 19.2px; line-height: 1.8rem; color: rgba(0, 0, 0, 0.84); font-family: &quot;PT Sans&quot;, sans-serif;"><br style="-webkit-tap-highlight-color: rgba(0, 0, 0, 0);"></p><p style="margin-bottom: 0px; -webkit-tap-highlight-color: rgba(0, 0, 0, 0); font-size: 19.2px; line-height: 1.8rem; color: rgba(0, 0, 0, 0.84); font-family: &quot;PT Sans&quot;, sans-serif;"><a class="link" href="https://yourstory.com/smbstory/this-odisha-woman-is-lightning-up-lives-of-rural-women-with-her-agarbattis" style="color: rgb(242, 63, 45); -webkit-tap-highlight-color: rgba(0, 0, 0, 0);">Agarbattis</a>&nbsp;are used in most Indian households, and their popularity and demand picks up during the festive season. Their exports have also grown, on the back of the rising popularity of meditation in other countries and the associated use of agarbattis.</p><p style="margin-bottom: 0px; -webkit-tap-highlight-color: rgba(0, 0, 0, 0); font-size: 19.2px; line-height: 1.8rem; color: rgba(0, 0, 0, 0.84); font-family: &quot;PT Sans&quot;, sans-serif;"><br style="-webkit-tap-highlight-color: rgba(0, 0, 0, 0);"></p><p style="margin-bottom: 0px; -webkit-tap-highlight-color: rgba(0, 0, 0, 0); font-size: 19.2px; line-height: 1.8rem; color: rgba(0, 0, 0, 0.84); font-family: &quot;PT Sans&quot;, sans-serif;"><span style="font-weight: 700; -webkit-tap-highlight-color: rgba(0, 0, 0, 0);"></span></p><p style="margin-bottom: 0px; -webkit-tap-highlight-color: rgba(0, 0, 0, 0); font-size: 19.2px; line-height: 1.8rem; color: rgba(0, 0, 0, 0.84); font-family: &quot;PT Sans&quot;, sans-serif;">The first step of small-scale manufacturing of agarbattis involves buying bamboo sticks and essential oils with fragrances such as sandalwood, jasmine, rose, champa, etc. from the market. The sticks are coated with the oils, and dried.</p><p style="margin-bottom: 0px; -webkit-tap-highlight-color: rgba(0, 0, 0, 0); font-size: 19.2px; line-height: 1.8rem; color: rgba(0, 0, 0, 0.84); font-family: &quot;PT Sans&quot;, sans-serif;"><br style="font-size: 19.2px;"></p>','2019-10-02 11:58:04'); 
Wednesday 2nd October 2019 12:16:29 PM [INFO] ::: [app.database.php]  Database connected Successfully 
Wednesday 2nd October 2019 12:17:32 PM [INFO] ::: [app.database.php]  Database connected Successfully 
Wednesday 2nd October 2019 12:18:46 PM [INFO] ::: [app.database.php]  Database connected Successfully 
Wednesday 2nd October 2019 12:19:10 PM [INFO] ::: [app.database.php]  Database connected Successfully 
Wednesday 2nd October 2019 12:19:33 PM [INFO] ::: [app.database.php]  Database connected Successfully 
Wednesday 2nd October 2019 12:20:02 PM [INFO] ::: [app.database.php]  Database connected Successfully 
Wednesday 2nd October 2019 12:20:16 PM [INFO] ::: [app.database.php]  Database connected Successfully 
Wednesday 2nd October 2019 12:20:52 PM [INFO] ::: [app.database.php]  Database connected Successfully 
Wednesday 2nd October 2019 12:20:55 PM [INFO] ::: [app.database.php]  Database connected Successfully 
Wednesday 2nd October 2019 12:21:53 PM [INFO] ::: [app.database.php]  Database connected Successfully 
Wednesday 2nd October 2019 12:22:01 PM [INFO] ::: [app.database.php]  Database connected Successfully 
Wednesday 2nd October 2019 12:24:14 PM [INFO] ::: [app.database.php]  Database connected Successfully 
Wednesday 2nd October 2019 12:25:01 PM [INFO] ::: [app.database.php]  Database connected Successfully 
Wednesday 2nd October 2019 12:27:46 PM [INFO] ::: [app.database.php]  Database connected Successfully 
Wednesday 2nd October 2019 12:29:32 PM [INFO] ::: [app.database.php]  Database connected Successfully 
Wednesday 2nd October 2019 12:33:28 PM [INFO] ::: [app.database.php]  Database connected Successfully 
Wednesday 2nd October 2019 12:37:43 PM [INFO] ::: [app.database.php]  Database connected Successfully 
Wednesday 2nd October 2019 12:38:01 PM [INFO] ::: [app.database.php]  Database connected Successfully 
Wednesday 2nd October 2019 12:38:28 PM [INFO] ::: [app.database.php]  Database connected Successfully 
Wednesday 2nd October 2019 12:38:37 PM [INFO] ::: [app.database.php]  Database connected Successfully 
Wednesday 2nd October 2019 12:38:47 PM [INFO] ::: [app.database.php]  Database connected Successfully 
Wednesday 2nd October 2019 12:38:59 PM [INFO] ::: [app.database.php]  Database connected Successfully 
Wednesday 2nd October 2019 12:39:19 PM [INFO] ::: [app.database.php]  Database connected Successfully 
Wednesday 2nd October 2019 12:41:16 PM [INFO] ::: [app.database.php]  Database connected Successfully 
Wednesday 2nd October 2019 12:43:04 PM [INFO] ::: [app.database.php]  Database connected Successfully 
Wednesday 2nd October 2019 12:53:02 PM [INFO] ::: [app.database.php]  Database connected Successfully 
Wednesday 2nd October 2019 12:55:17 PM [INFO] ::: [app.database.php]  Database connected Successfully 
Wednesday 2nd October 2019 12:55:34 PM [INFO] ::: [app.database.php]  Database connected Successfully 
Wednesday 2nd October 2019 12:56:22 PM [INFO] ::: [app.database.php]  Database connected Successfully 
Wednesday 2nd October 2019 12:56:53 PM [INFO] ::: [app.database.php]  Database connected Successfully 
Wednesday 2nd October 2019 12:59:03 PM [INFO] ::: [app.database.php]  Database connected Successfully 
Wednesday 2nd October 2019 12:59:58 PM [INFO] ::: [app.database.php]  Database connected Successfully 
Wednesday 2nd October 2019 01:02:22 PM [INFO] ::: [app.database.php]  Database connected Successfully 
Wednesday 2nd October 2019 01:02:57 PM [INFO] ::: [app.database.php]  Database connected Successfully 
Wednesday 2nd October 2019 01:04:30 PM [INFO] ::: [app.database.php]  Database connected Successfully 
Wednesday 2nd October 2019 01:04:33 PM [INFO] ::: [app.database.php]  Database connected Successfully 
Wednesday 2nd October 2019 01:04:50 PM [INFO] ::: [app.database.php]  Database connected Successfully 
Wednesday 2nd October 2019 01:05:00 PM [INFO] ::: [app.database.php]  Database connected Successfully 
Wednesday 2nd October 2019 01:05:31 PM [INFO] ::: [app.database.php]  Database connected Successfully 
Wednesday 2nd October 2019 01:05:58 PM [INFO] ::: [app.database.php]  Database connected Successfully 
Wednesday 2nd October 2019 01:07:21 PM [INFO] ::: [app.database.php]  Database connected Successfully 
Wednesday 2nd October 2019 01:07:50 PM [INFO] ::: [app.database.php]  Database connected Successfully 
Wednesday 2nd October 2019 01:08:36 PM [INFO] ::: [app.database.php]  Database connected Successfully 
Wednesday 2nd October 2019 01:08:51 PM [INFO] ::: [app.database.php]  Database connected Successfully 
Wednesday 2nd October 2019 01:11:12 PM [INFO] ::: [app.database.php]  Database connected Successfully 
Wednesday 2nd October 2019 01:11:15 PM [INFO] ::: [app.database.php]  Database connected Successfully 
Wednesday 2nd October 2019 01:11:54 PM [INFO] ::: [app.database.php]  Database connected Successfully 
Wednesday 2nd October 2019 01:12:30 PM [INFO] ::: [app.database.php]  Database connected Successfully 
Wednesday 2nd October 2019 01:12:47 PM [INFO] ::: [app.database.php]  Database connected Successfully 
Wednesday 2nd October 2019 01:13:05 PM [INFO] ::: [app.database.php]  Database connected Successfully 
Wednesday 2nd October 2019 01:13:06 PM [INFO] ::: [app.database.php]  Database connected Successfully 
Wednesday 2nd October 2019 01:13:11 PM [INFO] ::: [app.database.php]  Database connected Successfully 
Wednesday 2nd October 2019 01:13:33 PM [INFO] ::: [app.database.php]  Database connected Successfully 
Wednesday 2nd October 2019 01:13:48 PM [INFO] ::: [app.database.php]  Database connected Successfully 
Wednesday 2nd October 2019 01:13:53 PM [INFO] ::: [app.database.php]  Database connected Successfully 
Wednesday 2nd October 2019 01:15:39 PM [INFO] ::: [app.database.php]  Database connected Successfully 
Wednesday 2nd October 2019 01:15:44 PM [INFO] ::: [app.database.php]  Database connected Successfully 
Wednesday 2nd October 2019 01:16:06 PM [INFO] ::: [app.database.php]  Database connected Successfully 
Wednesday 2nd October 2019 01:16:26 PM [INFO] ::: [app.database.php]  Database connected Successfully 
Wednesday 2nd October 2019 01:16:48 PM [INFO] ::: [app.database.php]  Database connected Successfully 
Wednesday 2nd October 2019 01:17:06 PM [INFO] ::: [app.database.php]  Database connected Successfully 
Wednesday 2nd October 2019 01:17:28 PM [INFO] ::: [app.database.php]  Database connected Successfully 
Wednesday 2nd October 2019 01:17:44 PM [INFO] ::: [app.database.php]  Database connected Successfully 
Wednesday 2nd October 2019 01:18:13 PM [INFO] ::: [app.database.php]  Database connected Successfully 
Wednesday 2nd October 2019 01:35:31 PM [INFO] ::: [app.database.php]  Database connected Successfully 
Wednesday 2nd October 2019 01:35:57 PM [INFO] ::: [app.database.php]  Database connected Successfully 
Wednesday 2nd October 2019 01:38:31 PM [INFO] ::: [app.database.php]  Database connected Successfully 
Wednesday 2nd October 2019 01:38:43 PM [INFO] ::: [app.database.php]  Database connected Successfully 
Wednesday 2nd October 2019 01:38:49 PM [INFO] ::: [app.database.php]  Database connected Successfully 
Wednesday 2nd October 2019 01:44:22 PM [INFO] ::: [app.database.php]  Database connected Successfully 
Wednesday 2nd October 2019 01:44:26 PM [INFO] ::: [app.database.php]  Database connected Successfully 
Wednesday 2nd October 2019 01:45:00 PM [INFO] ::: [app.database.php]  Database connected Successfully 
Wednesday 2nd October 2019 01:46:36 PM [INFO] ::: [app.database.php]  Database connected Successfully 
Wednesday 2nd October 2019 01:47:03 PM [INFO] ::: [app.database.php]  Database connected Successfully 
Wednesday 2nd October 2019 01:47:23 PM [INFO] ::: [app.database.php]  Database connected Successfully 
Wednesday 2nd October 2019 01:48:06 PM [INFO] ::: [app.database.php]  Database connected Successfully 
Wednesday 2nd October 2019 01:48:13 PM [INFO] ::: [app.database.php]  Database connected Successfully 
Wednesday 2nd October 2019 01:48:17 PM [INFO] ::: [app.database.php]  Database connected Successfully 
Wednesday 2nd October 2019 01:48:20 PM [INFO] ::: [app.database.php]  Database connected Successfully 
Wednesday 2nd October 2019 01:48:22 PM [INFO] ::: [app.database.php]  Database connected Successfully 
Wednesday 2nd October 2019 01:48:23 PM [INFO] ::: [app.database.php]  Database connected Successfully 
Wednesday 2nd October 2019 01:48:24 PM [INFO] ::: [app.database.php]  Database connected Successfully 
Wednesday 2nd October 2019 01:48:27 PM [INFO] ::: [app.database.php]  Database connected Successfully 
Wednesday 2nd October 2019 01:48:32 PM [INFO] ::: [app.database.php]  Database connected Successfully 
Wednesday 2nd October 2019 01:48:34 PM [INFO] ::: [app.database.php]  Database connected Successfully 
Wednesday 2nd October 2019 01:48:51 PM [INFO] ::: [app.database.php]  Database connected Successfully 
Wednesday 2nd October 2019 01:48:52 PM [INFO] ::: [app.database.php]  Query(Status-SUCCESS) : INSERT INTO news(title, picture, newsDesc, ts) VALUES ('hfyu','http://localhost/prjs/rsbr/webapp/uploads/news/13.jpg','Write your <b>NewsFeed</b> here','2019-10-02 13:48:50'); 
Wednesday 2nd October 2019 01:49:22 PM [INFO] ::: [app.database.php]  Database connected Successfully 
Wednesday 2nd October 2019 01:49:25 PM [INFO] ::: [app.database.php]  Database connected Successfully 
Wednesday 2nd October 2019 01:50:00 PM [INFO] ::: [app.database.php]  Database connected Successfully 
Wednesday 2nd October 2019 01:50:35 PM [INFO] ::: [app.database.php]  Database connected Successfully 
Wednesday 2nd October 2019 01:51:22 PM [INFO] ::: [app.database.php]  Database connected Successfully 
Wednesday 2nd October 2019 01:52:04 PM [INFO] ::: [app.database.php]  Database connected Successfully 
Wednesday 2nd October 2019 01:52:21 PM [INFO] ::: [app.database.php]  Database connected Successfully 
Wednesday 2nd October 2019 01:52:53 PM [INFO] ::: [app.database.php]  Database connected Successfully 
Wednesday 2nd October 2019 01:53:16 PM [INFO] ::: [app.database.php]  Database connected Successfully 
Wednesday 2nd October 2019 01:53:22 PM [INFO] ::: [app.database.php]  Database connected Successfully 
Wednesday 2nd October 2019 01:53:42 PM [INFO] ::: [app.database.php]  Database connected Successfully 
Wednesday 2nd October 2019 01:54:42 PM [INFO] ::: [app.database.php]  Database connected Successfully 
Wednesday 2nd October 2019 08:16:28 PM [INFO] ::: [app.database.php]  Database connected Successfully 
Wednesday 2nd October 2019 08:16:54 PM [INFO] ::: [app.database.php]  Database connected Successfully 
Wednesday 2nd October 2019 08:16:58 PM [INFO] ::: [app.database.php]  Database connected Successfully 
Thursday 3rd October 2019 08:03:30 PM [INFO] ::: [app.database.php]  Database connected Successfully 
Thursday 3rd October 2019 08:05:20 PM [INFO] ::: [app.database.php]  Database connected Successfully 
Thursday 3rd October 2019 08:07:25 PM [INFO] ::: [app.database.php]  Database connected Successfully 
Thursday 3rd October 2019 08:08:12 PM [INFO] ::: [app.database.php]  Database connected Successfully 
Thursday 3rd October 2019 08:08:17 PM [INFO] ::: [app.database.php]  Database connected Successfully 
Thursday 3rd October 2019 08:08:18 PM [INFO] ::: [app.database.php]  Database connected Successfully 
Thursday 3rd October 2019 08:08:19 PM [INFO] ::: [app.database.php]  Database connected Successfully 
Thursday 3rd October 2019 08:08:39 PM [INFO] ::: [app.database.php]  Database connected Successfully 
Thursday 3rd October 2019 08:11:19 PM [INFO] ::: [app.database.php]  Database connected Successfully 
Thursday 3rd October 2019 08:13:22 PM [INFO] ::: [app.database.php]  Database connected Successfully 
Thursday 3rd October 2019 08:15:09 PM [INFO] ::: [app.database.php]  Database connected Successfully 
Thursday 3rd October 2019 08:15:55 PM [INFO] ::: [app.database.php]  Database connected Successfully 
Thursday 3rd October 2019 08:16:21 PM [INFO] ::: [app.database.php]  Database connected Successfully 
Thursday 3rd October 2019 08:17:32 PM [INFO] ::: [app.database.php]  Database connected Successfully 
Thursday 3rd October 2019 08:20:04 PM [INFO] ::: [app.database.php]  Database connected Successfully 
Thursday 3rd October 2019 08:20:14 PM [INFO] ::: [app.database.php]  Database connected Successfully 
Thursday 3rd October 2019 08:20:15 PM [INFO] ::: [app.database.php]  Query(Status-SUCCESS) : INSERT INTO cust_accounts(name, mobileNumber, acc_pwd) VALUES ('cefvvr','9160869337','d41d8cd98f00b204e9800998ecf8427e') 
Thursday 3rd October 2019 08:32:58 PM [INFO] ::: [app.database.php]  Database connected Successfully 
Thursday 3rd October 2019 08:45:49 PM [INFO] ::: [app.database.php]  Database connected Successfully 
Thursday 3rd October 2019 08:46:05 PM [INFO] ::: [app.database.php]  Database connected Successfully 
Thursday 3rd October 2019 08:46:24 PM [INFO] ::: [app.database.php]  Database connected Successfully 
Thursday 3rd October 2019 09:03:09 PM [INFO] ::: [app.database.php]  Database connected Successfully 
Thursday 3rd October 2019 09:03:09 PM [INFO] ::: [app.database.php]  Query(Status-SUCCESS) : UPDATE cust_accounts SET acc_pwd='e10adc3949ba59abbe56e057f20f883e' WHERE mobileNumber=9160869337 
Thursday 3rd October 2019 09:03:10 PM [INFO] ::: [app.database.php]  Database connected Successfully 
Thursday 3rd October 2019 09:06:50 PM [INFO] ::: [app.database.php]  Database connected Successfully 
Thursday 3rd October 2019 09:06:50 PM [INFO] ::: [app.database.php]  Query(Status-SUCCESS) : UPDATE cust_accounts SET acc_pwd='e10adc3949ba59abbe56e057f20f883e' WHERE mobileNumber=9160869337 
Thursday 3rd October 2019 09:06:51 PM [INFO] ::: [app.database.php]  Database connected Successfully 
Thursday 3rd October 2019 09:07:49 PM [INFO] ::: [app.database.php]  Database connected Successfully 
Thursday 3rd October 2019 09:07:49 PM [INFO] ::: [app.database.php]  Query(Status-SUCCESS) : UPDATE cust_accounts SET acc_pwd='e10adc3949ba59abbe56e057f20f883e' WHERE mobileNumber=9160869337 
Thursday 3rd October 2019 09:07:50 PM [INFO] ::: [app.database.php]  Database connected Successfully 
Thursday 3rd October 2019 09:08:17 PM [INFO] ::: [app.database.php]  Database connected Successfully 
Thursday 3rd October 2019 09:08:17 PM [INFO] ::: [app.database.php]  Query(Status-SUCCESS) : UPDATE cust_accounts SET acc_pwd='553501692703f81e92ba2df8ddeee012' WHERE mobileNumber=9160869337 
Thursday 3rd October 2019 09:08:18 PM [INFO] ::: [app.database.php]  Database connected Successfully 
Thursday 3rd October 2019 09:11:02 PM [INFO] ::: [app.database.php]  Database connected Successfully 
Thursday 3rd October 2019 09:11:02 PM [INFO] ::: [app.database.php]  Query(Status-SUCCESS) : UPDATE cust_accounts SET acc_pwd='e10adc3949ba59abbe56e057f20f883e' WHERE mobileNumber=9160869337 
Thursday 3rd October 2019 09:11:03 PM [INFO] ::: [app.database.php]  Database connected Successfully 
Thursday 3rd October 2019 09:20:17 PM [INFO] ::: [app.database.php]  Database connected Successfully 
Thursday 3rd October 2019 10:34:52 PM [INFO] ::: [app.database.php]  Database connected Successfully 
