Tuesday 18th February 2020 09:52:50 AM [INFO] ::: [api.database.php]  Database connected Successfully 
Tuesday 18th February 2020 10:01:09 AM [INFO] ::: [api.database.php]  Database connected Successfully 
Tuesday 18th February 2020 10:02:16 AM [INFO] ::: [api.database.php]  Database connected Successfully 
Tuesday 18th February 2020 10:02:18 AM [INFO] ::: [api.database.php]  Database connected Successfully 
Tuesday 18th February 2020 10:08:27 AM [INFO] ::: [api.database.php]  Database connected Successfully 
Tuesday 18th February 2020 10:09:15 AM [INFO] ::: [api.database.php]  Database connected Successfully 
Tuesday 18th February 2020 10:18:04 AM [INFO] ::: [api.database.php]  Database connected Successfully 
Tuesday 18th February 2020 10:19:44 AM [INFO] ::: [api.database.php]  Database connected Successfully 
Tuesday 18th February 2020 10:22:24 AM [INFO] ::: [api.database.php]  Database connected Successfully 
Tuesday 18th February 2020 10:23:46 AM [INFO] ::: [api.database.php]  Database connected Successfully 
Tuesday 18th February 2020 10:26:10 AM [INFO] ::: [api.database.php]  Database connected Successfully 
Tuesday 18th February 2020 10:27:58 AM [INFO] ::: [api.database.php]  Database connected Successfully 
Tuesday 18th February 2020 10:30:00 AM [INFO] ::: [api.database.php]  Database connected Successfully 
Tuesday 18th February 2020 10:32:00 AM [INFO] ::: [api.database.php]  Database connected Successfully 
Wednesday 19th February 2020 10:09:28 AM [INFO] ::: [api.database.php]  Database connected Successfully 
Wednesday 19th February 2020 10:48:04 AM [INFO] ::: [api.database.php]  Database connected Successfully 
Wednesday 19th February 2020 10:49:25 AM [INFO] ::: [api.database.php]  Database connected Successfully 
Wednesday 19th February 2020 10:58:02 AM [INFO] ::: [api.database.php]  Database connected Successfully 
Wednesday 19th February 2020 10:58:58 AM [INFO] ::: [api.database.php]  Database connected Successfully 
Friday 21st February 2020 12:53:43 PM [INFO] ::: [api.database.php]  Database connected Successfully 
Friday 21st February 2020 12:58:22 PM [INFO] ::: [api.database.php]  Database connected Successfully 
Friday 21st February 2020 01:00:36 PM [INFO] ::: [api.database.php]  Database connected Successfully 
Friday 21st February 2020 01:00:36 PM [INFO] ::: [api.database.php]  Query(Status-SUCCESS) : INSERT INTO user_accounts_auth(mob_code, mobile, mob_val, surName, name, gender, acc_pwd, q1, a1, q2, a2, q3, a3) VALUES ('password123','AR37139692','Y','','','','d41d8cd98f00b204e9800998ecf8427e','','','','','',''); 
Friday 21st February 2020 01:07:13 PM [INFO] ::: [api.database.php]  Database connected Successfully 
Friday 21st February 2020 01:07:13 PM [INFO] ::: [api.database.php]  Query(Status-SUCCESS) : INSERT INTO user_accounts_auth(mob_code, mobile, mob_val, surName, name, gender, acc_pwd, q1, a1, q2, a2, q3, a3) VALUES ('password123','AR37139692','Y','','','','d41d8cd98f00b204e9800998ecf8427e','1','','2','','3',''); 
Friday 21st February 2020 01:17:18 PM [INFO] ::: [api.database.php]  Database connected Successfully 
Friday 21st February 2020 01:17:18 PM [INFO] ::: [api.database.php]  Query(Status-SUCCESS) : INSERT INTO user_accounts_auth(mob_code, mobile, mob_val, surName, name, gender, acc_pwd, q1, a1, q2, a2, q3, a3) VALUES ('password123','AR37139692','Y','','','','d41d8cd98f00b204e9800998ecf8427e','1','','2','','3',''); 
Friday 21st February 2020 01:33:23 PM [INFO] ::: [api.database.php]  Database connected Successfully 
Friday 21st February 2020 01:33:23 PM [INFO] ::: [api.database.php]  Query(Status-SUCCESS) : INSERT INTO user_accounts_auth(mob_code, mobile, mob_val, surName, name, gender, acc_pwd, q1, a1, q2, a2, q3, a3) VALUES ('password123','AR37139692','Y','','','','d41d8cd98f00b204e9800998ecf8427e','1','','2','','3',''); 
Friday 21st February 2020 01:37:09 PM [INFO] ::: [api.database.php]  Database connected Successfully 
Friday 21st February 2020 01:37:09 PM [INFO] ::: [api.database.php]  Query(Status-SUCCESS) : INSERT INTO user_accounts_auth(mob_code, mobile, mob_val, surName, name, gender, acc_pwd, q1, a1, q2, a2, q3, a3, acc_active) VALUES ('password123','AR37139692','Y','','','','d41d8cd98f00b204e9800998ecf8427e','1','','2','','3','','acc_active'); 
Friday 21st February 2020 01:37:42 PM [INFO] ::: [api.database.php]  Database connected Successfully 
Friday 21st February 2020 01:37:42 PM [INFO] ::: [api.database.php]  Query(Status-SUCCESS) : INSERT INTO user_accounts_auth(mob_code, mobile, mob_val, surName, name, gender, acc_pwd, q1, a1, q2, a2, q3, a3, acc_active) VALUES ('password123','AR37139692','Y','','','','d41d8cd98f00b204e9800998ecf8427e','1','','2','','3','','Y'); 
Friday 21st February 2020 01:40:43 PM [INFO] ::: [api.database.php]  Database connected Successfully 
Friday 21st February 2020 01:41:08 PM [INFO] ::: [api.database.php]  Database connected Successfully 
Friday 21st February 2020 02:06:58 PM [INFO] ::: [api.database.php]  Database connected Successfully 
Friday 21st February 2020 02:08:25 PM [INFO] ::: [api.database.php]  Database connected Successfully 
Friday 21st February 2020 02:54:05 PM [INFO] ::: [api.database.php]  Database connected Successfully 
Friday 21st February 2020 02:54:36 PM [INFO] ::: [api.database.php]  Database connected Successfully 
Friday 21st February 2020 02:56:57 PM [INFO] ::: [api.database.php]  Database connected Successfully 
Friday 21st February 2020 02:57:06 PM [INFO] ::: [api.database.php]  Database connected Successfully 
Friday 21st February 2020 02:58:09 PM [INFO] ::: [api.database.php]  Database connected Successfully 
Friday 21st February 2020 02:58:44 PM [INFO] ::: [api.database.php]  Database connected Successfully 
Friday 21st February 2020 02:59:20 PM [INFO] ::: [api.database.php]  Database connected Successfully 
Friday 21st February 2020 03:00:04 PM [INFO] ::: [api.database.php]  Database connected Successfully 
Friday 21st February 2020 03:01:16 PM [INFO] ::: [api.database.php]  Database connected Successfully 
Friday 21st February 2020 03:01:57 PM [INFO] ::: [api.database.php]  Database connected Successfully 
Friday 21st February 2020 03:02:14 PM [INFO] ::: [api.database.php]  Database connected Successfully 
Friday 21st February 2020 03:06:59 PM [INFO] ::: [api.database.php]  Database connected Successfully 
Friday 21st February 2020 03:43:01 PM [INFO] ::: [api.database.php]  Database connected Successfully 
Friday 21st February 2020 03:52:24 PM [INFO] ::: [api.database.php]  Database connected Successfully 
Friday 21st February 2020 03:52:27 PM [INFO] ::: [api.database.php]  Database connected Successfully 
Friday 21st February 2020 03:53:57 PM [INFO] ::: [api.database.php]  Database connected Successfully 
Friday 21st February 2020 03:56:49 PM [INFO] ::: [api.database.php]  Database connected Successfully 
Friday 21st February 2020 03:59:18 PM [INFO] ::: [api.database.php]  Database connected Successfully 
Friday 21st February 2020 04:19:59 PM [INFO] ::: [api.database.php]  Database connected Successfully 
Friday 21st February 2020 04:22:00 PM [INFO] ::: [api.database.php]  Database connected Successfully 
Friday 21st February 2020 04:22:25 PM [INFO] ::: [api.database.php]  Database connected Successfully 
Friday 21st February 2020 04:27:01 PM [INFO] ::: [api.database.php]  Database connected Successfully 
Friday 21st February 2020 04:29:01 PM [INFO] ::: [api.database.php]  Database connected Successfully 
Friday 21st February 2020 04:29:11 PM [INFO] ::: [api.database.php]  Database connected Successfully 
Friday 21st February 2020 04:29:13 PM [INFO] ::: [api.database.php]  Database connected Successfully 
Friday 21st February 2020 04:34:26 PM [INFO] ::: [api.database.php]  Database connected Successfully 
Friday 21st February 2020 04:34:50 PM [INFO] ::: [api.database.php]  Database connected Successfully 
Friday 21st February 2020 04:35:41 PM [INFO] ::: [api.database.php]  Database connected Successfully 
Friday 21st February 2020 04:36:12 PM [INFO] ::: [api.database.php]  Database connected Successfully 
Friday 21st February 2020 04:37:24 PM [INFO] ::: [api.database.php]  Database connected Successfully 
Friday 21st February 2020 04:37:34 PM [INFO] ::: [api.database.php]  Database connected Successfully 
Friday 21st February 2020 04:38:05 PM [INFO] ::: [api.database.php]  Database connected Successfully 
Friday 21st February 2020 04:38:30 PM [INFO] ::: [api.database.php]  Database connected Successfully 
Friday 21st February 2020 04:38:47 PM [INFO] ::: [api.database.php]  Database connected Successfully 
Friday 21st February 2020 04:39:05 PM [INFO] ::: [api.database.php]  Database connected Successfully 
Friday 21st February 2020 04:39:19 PM [INFO] ::: [api.database.php]  Database connected Successfully 
Friday 21st February 2020 04:39:25 PM [INFO] ::: [api.database.php]  Database connected Successfully 
Friday 21st February 2020 04:43:05 PM [INFO] ::: [api.database.php]  Database connected Successfully 
Friday 21st February 2020 04:43:25 PM [INFO] ::: [api.database.php]  Database connected Successfully 
Friday 21st February 2020 04:43:36 PM [INFO] ::: [api.database.php]  Database connected Successfully 
Friday 21st February 2020 04:44:37 PM [INFO] ::: [api.database.php]  Database connected Successfully 
Friday 21st February 2020 04:44:54 PM [INFO] ::: [api.database.php]  Database connected Successfully 
Friday 21st February 2020 04:45:07 PM [INFO] ::: [api.database.php]  Database connected Successfully 
Friday 21st February 2020 04:47:43 PM [INFO] ::: [api.database.php]  Database connected Successfully 
Friday 21st February 2020 04:47:57 PM [INFO] ::: [api.database.php]  Database connected Successfully 
Friday 21st February 2020 04:48:45 PM [INFO] ::: [api.database.php]  Database connected Successfully 
Friday 21st February 2020 04:49:11 PM [INFO] ::: [api.database.php]  Database connected Successfully 
Friday 21st February 2020 04:49:23 PM [INFO] ::: [api.database.php]  Database connected Successfully 
Friday 21st February 2020 04:50:11 PM [INFO] ::: [api.database.php]  Database connected Successfully 
Friday 21st February 2020 04:50:21 PM [INFO] ::: [api.database.php]  Database connected Successfully 
Friday 21st February 2020 04:50:25 PM [INFO] ::: [api.database.php]  Database connected Successfully 
Friday 21st February 2020 04:53:54 PM [INFO] ::: [api.database.php]  Database connected Successfully 
Friday 21st February 2020 04:55:41 PM [INFO] ::: [api.database.php]  Database connected Successfully 
Friday 21st February 2020 04:56:50 PM [INFO] ::: [api.database.php]  Database connected Successfully 
Friday 21st February 2020 04:57:02 PM [INFO] ::: [api.database.php]  Database connected Successfully 
Friday 21st February 2020 04:57:43 PM [INFO] ::: [api.database.php]  Database connected Successfully 
Friday 21st February 2020 04:58:05 PM [INFO] ::: [api.database.php]  Database connected Successfully 
Friday 21st February 2020 04:59:32 PM [INFO] ::: [api.database.php]  Database connected Successfully 
Friday 21st February 2020 05:00:05 PM [INFO] ::: [api.database.php]  Database connected Successfully 
Friday 21st February 2020 05:00:07 PM [INFO] ::: [api.database.php]  Database connected Successfully 
Friday 21st February 2020 05:00:31 PM [INFO] ::: [api.database.php]  Database connected Successfully 
Friday 21st February 2020 05:53:03 PM [INFO] ::: [api.database.php]  Database connected Successfully 
Friday 21st February 2020 06:00:18 PM [INFO] ::: [api.database.php]  Database connected Successfully 
Friday 21st February 2020 06:00:40 PM [INFO] ::: [api.database.php]  Database connected Successfully 
Saturday 22nd February 2020 04:50:57 PM [INFO] ::: [api.database.php]  Database connected Successfully 
Saturday 22nd February 2020 05:00:55 PM [INFO] ::: [api.database.php]  Database connected Successfully 
Saturday 22nd February 2020 05:01:40 PM [INFO] ::: [api.database.php]  Database connected Successfully 
Saturday 22nd February 2020 05:02:31 PM [INFO] ::: [api.database.php]  Database connected Successfully 
Saturday 22nd February 2020 05:02:36 PM [INFO] ::: [api.database.php]  Database connected Successfully 
Saturday 22nd February 2020 05:02:39 PM [INFO] ::: [api.database.php]  Database connected Successfully 
Saturday 22nd February 2020 05:04:36 PM [INFO] ::: [api.database.php]  Database connected Successfully 
Saturday 22nd February 2020 05:08:53 PM [INFO] ::: [api.database.php]  Database connected Successfully 
Saturday 22nd February 2020 10:53:15 PM [INFO] ::: [api.database.php]  Database connected Successfully 
Saturday 22nd February 2020 10:53:36 PM [INFO] ::: [api.database.php]  Database connected Successfully 
Saturday 22nd February 2020 10:54:03 PM [INFO] ::: [api.database.php]  Database connected Successfully 
Saturday 22nd February 2020 10:54:10 PM [INFO] ::: [api.database.php]  Database connected Successfully 
Saturday 22nd February 2020 10:56:04 PM [INFO] ::: [api.database.php]  Database connected Successfully 
Saturday 22nd February 2020 10:58:26 PM [INFO] ::: [api.database.php]  Database connected Successfully 
Saturday 22nd February 2020 10:59:03 PM [INFO] ::: [api.database.php]  Database connected Successfully 
Saturday 22nd February 2020 11:00:08 PM [INFO] ::: [api.database.php]  Database connected Successfully 
Saturday 22nd February 2020 11:00:12 PM [INFO] ::: [api.database.php]  Database connected Successfully 
Saturday 22nd February 2020 11:03:25 PM [INFO] ::: [api.database.php]  Database connected Successfully 
Saturday 22nd February 2020 11:06:49 PM [INFO] ::: [api.database.php]  Database connected Successfully 
Saturday 22nd February 2020 11:08:31 PM [INFO] ::: [api.database.php]  Database connected Successfully 
Saturday 22nd February 2020 11:11:02 PM [INFO] ::: [api.database.php]  Database connected Successfully 
Saturday 22nd February 2020 11:23:19 PM [INFO] ::: [api.database.php]  Database connected Successfully 
Saturday 22nd February 2020 11:24:37 PM [INFO] ::: [api.database.php]  Database connected Successfully 
Saturday 22nd February 2020 11:25:47 PM [INFO] ::: [api.database.php]  Database connected Successfully 
Saturday 22nd February 2020 11:31:00 PM [INFO] ::: [api.database.php]  Database connected Successfully 
Saturday 22nd February 2020 11:32:41 PM [INFO] ::: [api.database.php]  Database connected Successfully 
Saturday 22nd February 2020 11:33:02 PM [INFO] ::: [api.database.php]  Database connected Successfully 
Saturday 22nd February 2020 11:34:30 PM [INFO] ::: [api.database.php]  Database connected Successfully 
Saturday 22nd February 2020 11:35:32 PM [INFO] ::: [api.database.php]  Database connected Successfully 
Saturday 22nd February 2020 11:36:33 PM [INFO] ::: [api.database.php]  Database connected Successfully 
Saturday 22nd February 2020 11:42:08 PM [INFO] ::: [api.database.php]  Database connected Successfully 
Saturday 22nd February 2020 11:45:19 PM [INFO] ::: [api.database.php]  Database connected Successfully 
Saturday 22nd February 2020 11:46:37 PM [INFO] ::: [api.database.php]  Database connected Successfully 
Saturday 22nd February 2020 11:59:06 PM [INFO] ::: [api.database.php]  Database connected Successfully 
Saturday 22nd February 2020 11:59:33 PM [INFO] ::: [api.database.php]  Database connected Successfully 
Saturday 22nd February 2020 11:59:34 PM [INFO] ::: [api.database.php]  Query(Status-SUCCESS) : INSERT INTO user_accounts_auth(mob_code, mobile, mob_val, surName, name, gender, acc_pwd, q1, a1, q2, a2, q3, a3, acc_active) VALUES ('+91','','Y','sfwefwe','eefwf','MALE','cc09745c464ebe35057d019a9778345f','1','dwed','2','wdwe','3','wdwd','Y'); 
Sunday 23rd February 2020 12:08:52 AM [INFO] ::: [api.database.php]  Database connected Successfully 
Sunday 23rd February 2020 12:09:20 AM [INFO] ::: [api.database.php]  Database connected Successfully 
Sunday 23rd February 2020 12:09:20 AM [INFO] ::: [api.database.php]  Query(Status-SUCCESS) : INSERT INTO user_accounts_auth(mob_code, mobile, mob_val, surName, name, gender, acc_pwd, q1, a1, q2, a2, q3, a3, acc_active) VALUES ('+91','','Y','qwf','fwefw','MALE','28b8822eafc1e58a8d0d7972197bf2b2','1','wefwe','3','efwefwe','4','wefwefwe','Y'); 
Sunday 23rd February 2020 12:13:52 AM [INFO] ::: [api.database.php]  Database connected Successfully 
Sunday 23rd February 2020 12:14:17 AM [INFO] ::: [api.database.php]  Database connected Successfully 
Sunday 23rd February 2020 12:14:17 AM [INFO] ::: [api.database.php]  Query(Status-SUCCESS) : INSERT INTO user_accounts_auth(mob_code, mobile, mob_val, surName, name, gender, acc_pwd, q1, a1, q2, a2, q3, a3, acc_active) VALUES ('+91','','Y','wfwefew','fewfew','MALE','fdb21855522565271fd52fcf55f73a05','1','ewfwe','2','wedq','4','ewffwewe','Y'); 
Sunday 23rd February 2020 12:15:52 AM [INFO] ::: [api.database.php]  Database connected Successfully 
Sunday 23rd February 2020 12:16:32 AM [INFO] ::: [api.database.php]  Database connected Successfully 
Sunday 23rd February 2020 12:16:32 AM [INFO] ::: [api.database.php]  Query(Status-SUCCESS) : INSERT INTO user_accounts_auth(mob_code, mobile, mob_val, surName, name, gender, acc_pwd, q1, a1, q2, a2, q3, a3, acc_active) VALUES ('+91','','Y','Nellutla','L N Rao','MALE','553501692703f81e92ba2df8ddeee012','2','ssdwefew','1','wefwe','3','wefwe','Y'); 
Sunday 23rd February 2020 12:20:06 AM [INFO] ::: [api.database.php]  Database connected Successfully 
Sunday 23rd February 2020 12:38:40 AM [INFO] ::: [api.database.php]  Database connected Successfully 
Sunday 23rd February 2020 12:38:56 AM [INFO] ::: [api.database.php]  Database connected Successfully 
Sunday 23rd February 2020 12:38:58 AM [INFO] ::: [api.database.php]  Database connected Successfully 
Sunday 23rd February 2020 12:39:44 AM [INFO] ::: [api.database.php]  Database connected Successfully 
Sunday 23rd February 2020 12:40:15 AM [INFO] ::: [api.database.php]  Database connected Successfully 
Sunday 23rd February 2020 12:41:26 AM [INFO] ::: [api.database.php]  Database connected Successfully 
Sunday 23rd February 2020 12:43:02 AM [INFO] ::: [api.database.php]  Database connected Successfully 
Sunday 23rd February 2020 12:43:32 AM [INFO] ::: [api.database.php]  Database connected Successfully 
Sunday 23rd February 2020 12:44:09 AM [INFO] ::: [api.database.php]  Database connected Successfully 
Sunday 23rd February 2020 12:45:00 AM [INFO] ::: [api.database.php]  Database connected Successfully 
Sunday 23rd February 2020 01:01:15 AM [INFO] ::: [api.database.php]  Database connected Successfully 
Sunday 23rd February 2020 01:02:24 AM [INFO] ::: [api.database.php]  Database connected Successfully 
Sunday 23rd February 2020 01:03:34 AM [INFO] ::: [api.database.php]  Database connected Successfully 
Sunday 23rd February 2020 01:04:34 AM [INFO] ::: [api.database.php]  Database connected Successfully 
Sunday 23rd February 2020 01:08:54 AM [INFO] ::: [api.database.php]  Database connected Successfully 
Sunday 23rd February 2020 01:10:35 AM [INFO] ::: [api.database.php]  Database connected Successfully 
Sunday 23rd February 2020 01:12:00 AM [INFO] ::: [api.database.php]  Database connected Successfully 
Sunday 23rd February 2020 01:12:41 AM [INFO] ::: [api.database.php]  Database connected Successfully 
Sunday 23rd February 2020 01:16:32 AM [INFO] ::: [api.database.php]  Database connected Successfully 
Sunday 23rd February 2020 01:17:23 AM [INFO] ::: [api.database.php]  Database connected Successfully 
Sunday 23rd February 2020 01:18:29 AM [INFO] ::: [api.database.php]  Database connected Successfully 
Sunday 23rd February 2020 01:22:51 AM [INFO] ::: [api.database.php]  Database connected Successfully 
Sunday 23rd February 2020 01:23:58 AM [INFO] ::: [api.database.php]  Database connected Successfully 
Sunday 23rd February 2020 01:29:48 AM [INFO] ::: [api.database.php]  Database connected Successfully 
Sunday 23rd February 2020 01:30:58 AM [INFO] ::: [api.database.php]  Database connected Successfully 
Sunday 23rd February 2020 01:32:36 AM [INFO] ::: [api.database.php]  Database connected Successfully 
Sunday 23rd February 2020 01:36:56 AM [INFO] ::: [api.database.php]  Database connected Successfully 
Sunday 23rd February 2020 01:41:19 AM [INFO] ::: [api.database.php]  Database connected Successfully 
Sunday 23rd February 2020 01:41:19 AM [INFO] ::: [api.database.php]  Query(Status-SUCCESS) : INSERT INTO user_accounts_auth(mob_code, mobile, mob_val, surName, name, gender, acc_pwd, q1, a1, q2, a2, q3, a3, acc_active) VALUES ('+91','','Y','afa','sse','MALE','5e0542f964858f96ae7194fb2a7dd365','1','efwefwe','4','fwrwefwr','7','wrw44','Y'); 
Sunday 23rd February 2020 01:44:24 AM [INFO] ::: [api.database.php]  Database connected Successfully 
Sunday 23rd February 2020 01:45:46 AM [INFO] ::: [api.database.php]  Database connected Successfully 
Sunday 23rd February 2020 01:45:46 AM [INFO] ::: [api.database.php]  Query(Status-SUCCESS) : INSERT INTO user_accounts_auth(mob_code, mobile, mob_val, surName, name, gender, acc_pwd, q1, a1, q2, a2, q3, a3, acc_active) VALUES ('+91','','Y','Nellutla','L N Rao','MALE','07f5796330e5f5353e4b329b21d6677b','1','12345','2','2e232','3','232432','Y'); 
Sunday 23rd February 2020 01:50:02 AM [INFO] ::: [api.database.php]  Database connected Successfully 
Sunday 23rd February 2020 01:52:24 AM [INFO] ::: [api.database.php]  Database connected Successfully 
Sunday 23rd February 2020 01:52:59 AM [INFO] ::: [api.database.php]  Database connected Successfully 
Sunday 23rd February 2020 01:53:00 AM [INFO] ::: [api.database.php]  Query(Status-SUCCESS) : INSERT INTO user_accounts_auth(mob_code, mobile, mob_val, surName, name, gender, acc_pwd, q1, a1, q2, a2, q3, a3, acc_active) VALUES ('+91','','Y','dsfr','efr','MALE','b7faaa73a366df03fe46883927de4ad9','1','fwerw','2','wqwqew','8','eqe3','Y'); 
Sunday 23rd February 2020 01:54:44 AM [INFO] ::: [api.database.php]  Database connected Successfully 
Sunday 23rd February 2020 01:54:54 AM [INFO] ::: [api.database.php]  Database connected Successfully 
Sunday 23rd February 2020 01:55:41 AM [INFO] ::: [api.database.php]  Database connected Successfully 
Sunday 23rd February 2020 01:55:42 AM [INFO] ::: [api.database.php]  Query(Status-SUCCESS) : INSERT INTO user_accounts_auth(mob_code, mobile, mob_val, surName, name, gender, acc_pwd, q1, a1, q2, a2, q3, a3, acc_active) VALUES ('+91','','Y','Anup','Chakravarthi','MALE','2baddf737dc4ee3af3cf1aeefe64f8ca','1','Dish','2','India','3','I am','Y'); 
Sunday 23rd February 2020 01:56:56 AM [INFO] ::: [api.database.php]  Database connected Successfully 
Sunday 23rd February 2020 01:57:12 AM [INFO] ::: [api.database.php]  Database connected Successfully 
Sunday 23rd February 2020 01:57:14 AM [INFO] ::: [api.database.php]  Database connected Successfully 
Sunday 23rd February 2020 01:59:17 AM [INFO] ::: [api.database.php]  Database connected Successfully 
Sunday 23rd February 2020 01:59:22 AM [INFO] ::: [api.database.php]  Database connected Successfully 
Sunday 23rd February 2020 01:59:37 AM [INFO] ::: [api.database.php]  Database connected Successfully 
Sunday 23rd February 2020 02:00:17 AM [INFO] ::: [api.database.php]  Database connected Successfully 
Sunday 23rd February 2020 02:00:17 AM [INFO] ::: [api.database.php]  Query(Status-SUCCESS) : INSERT INTO user_accounts_auth(mob_code, mobile, mob_val, surName, name, gender, acc_pwd, q1, a1, q2, a2, q3, a3, acc_active) VALUES ('+91','','Y','qwwe','34t54``','MALE','ac1d2d940cacadb1a60dd79fc6684922','1','WWEWFWE','3','WWED','2','W22','Y'); 
Sunday 23rd February 2020 02:05:59 AM [INFO] ::: [api.database.php]  Database connected Successfully 
Sunday 23rd February 2020 02:06:56 AM [INFO] ::: [api.database.php]  Database connected Successfully 
Sunday 23rd February 2020 02:07:16 AM [INFO] ::: [api.database.php]  Database connected Successfully 
Sunday 23rd February 2020 02:09:42 AM [INFO] ::: [api.database.php]  Database connected Successfully 
Sunday 23rd February 2020 02:09:55 AM [INFO] ::: [api.database.php]  Database connected Successfully 
Sunday 23rd February 2020 02:10:51 AM [INFO] ::: [api.database.php]  Database connected Successfully 
Sunday 23rd February 2020 02:11:29 AM [INFO] ::: [api.database.php]  Database connected Successfully 
Sunday 23rd February 2020 02:12:14 AM [INFO] ::: [api.database.php]  Database connected Successfully 
Sunday 23rd February 2020 02:14:16 AM [INFO] ::: [api.database.php]  Database connected Successfully 
Sunday 23rd February 2020 02:24:30 AM [INFO] ::: [api.database.php]  Database connected Successfully 
Sunday 23rd February 2020 02:25:04 AM [INFO] ::: [api.database.php]  Database connected Successfully 
Sunday 23rd February 2020 02:32:59 AM [INFO] ::: [api.database.php]  Database connected Successfully 
Sunday 23rd February 2020 02:34:32 AM [INFO] ::: [api.database.php]  Database connected Successfully 
Sunday 23rd February 2020 02:35:42 AM [INFO] ::: [api.database.php]  Database connected Successfully 
Sunday 23rd February 2020 02:36:31 AM [INFO] ::: [api.database.php]  Database connected Successfully 
Sunday 23rd February 2020 02:36:55 AM [INFO] ::: [api.database.php]  Database connected Successfully 
Sunday 23rd February 2020 02:37:12 AM [INFO] ::: [api.database.php]  Database connected Successfully 
Sunday 23rd February 2020 02:37:22 AM [INFO] ::: [api.database.php]  Database connected Successfully 
Sunday 23rd February 2020 02:38:22 AM [INFO] ::: [api.database.php]  Database connected Successfully 
Sunday 23rd February 2020 02:38:32 AM [INFO] ::: [api.database.php]  Database connected Successfully 
Sunday 23rd February 2020 02:38:56 AM [INFO] ::: [api.database.php]  Database connected Successfully 
Sunday 23rd February 2020 02:40:00 AM [INFO] ::: [api.database.php]  Database connected Successfully 
Sunday 23rd February 2020 02:40:15 AM [INFO] ::: [api.database.php]  Database connected Successfully 
Sunday 23rd February 2020 03:11:22 AM [INFO] ::: [api.database.php]  Database connected Successfully 
Sunday 23rd February 2020 03:11:34 AM [INFO] ::: [api.database.php]  Database connected Successfully 
Sunday 23rd February 2020 03:11:45 AM [INFO] ::: [api.database.php]  Database connected Successfully 
Sunday 23rd February 2020 03:12:35 AM [INFO] ::: [api.database.php]  Database connected Successfully 
Sunday 23rd February 2020 03:13:01 AM [INFO] ::: [api.database.php]  Database connected Successfully 
Sunday 23rd February 2020 03:14:38 AM [INFO] ::: [api.database.php]  Database connected Successfully 
Sunday 23rd February 2020 03:16:06 AM [INFO] ::: [api.database.php]  Database connected Successfully 
Sunday 23rd February 2020 03:16:33 AM [INFO] ::: [api.database.php]  Database connected Successfully 
Sunday 23rd February 2020 03:16:34 AM [INFO] ::: [api.database.php]  Database connected Successfully 
Sunday 23rd February 2020 12:07:12 PM [INFO] ::: [api.database.php]  Database connected Successfully 
Sunday 23rd February 2020 12:07:15 PM [INFO] ::: [api.database.php]  Database connected Successfully 
Sunday 23rd February 2020 12:08:04 PM [INFO] ::: [api.database.php]  Database connected Successfully 
Sunday 23rd February 2020 12:08:15 PM [INFO] ::: [api.database.php]  Database connected Successfully 
Sunday 23rd February 2020 12:11:55 PM [INFO] ::: [api.database.php]  Database connected Successfully 
Sunday 23rd February 2020 12:11:56 PM [INFO] ::: [api.database.php]  Database connected Successfully 
Sunday 23rd February 2020 12:11:57 PM [INFO] ::: [api.database.php]  Database connected Successfully 
Sunday 23rd February 2020 12:11:58 PM [INFO] ::: [api.database.php]  Database connected Successfully 
Sunday 23rd February 2020 12:23:12 PM [INFO] ::: [api.database.php]  Database connected Successfully 
Sunday 23rd February 2020 12:23:13 PM [INFO] ::: [api.database.php]  Database connected Successfully 
Sunday 23rd February 2020 12:23:22 PM [INFO] ::: [api.database.php]  Database connected Successfully 
Sunday 23rd February 2020 12:23:23 PM [INFO] ::: [api.database.php]  Database connected Successfully 
Sunday 23rd February 2020 12:29:02 PM [INFO] ::: [api.database.php]  Database connected Successfully 
Sunday 23rd February 2020 12:29:03 PM [INFO] ::: [api.database.php]  Database connected Successfully 
Sunday 23rd February 2020 12:29:20 PM [INFO] ::: [api.database.php]  Database connected Successfully 
Sunday 23rd February 2020 12:29:21 PM [INFO] ::: [api.database.php]  Database connected Successfully 
Sunday 23rd February 2020 12:29:54 PM [INFO] ::: [api.database.php]  Database connected Successfully 
Sunday 23rd February 2020 12:29:56 PM [INFO] ::: [api.database.php]  Database connected Successfully 
Sunday 23rd February 2020 12:29:57 PM [INFO] ::: [api.database.php]  Database connected Successfully 
Sunday 23rd February 2020 12:29:58 PM [INFO] ::: [api.database.php]  Database connected Successfully 
Sunday 23rd February 2020 12:29:59 PM [INFO] ::: [api.database.php]  Database connected Successfully 
Sunday 23rd February 2020 12:30:00 PM [INFO] ::: [api.database.php]  Database connected Successfully 
Sunday 23rd February 2020 12:30:17 PM [INFO] ::: [api.database.php]  Database connected Successfully 
Sunday 23rd February 2020 12:30:18 PM [INFO] ::: [api.database.php]  Database connected Successfully 
Sunday 23rd February 2020 12:30:35 PM [INFO] ::: [api.database.php]  Database connected Successfully 
Sunday 23rd February 2020 12:30:36 PM [INFO] ::: [api.database.php]  Database connected Successfully 
Sunday 23rd February 2020 12:31:12 PM [INFO] ::: [api.database.php]  Database connected Successfully 
Sunday 23rd February 2020 12:31:13 PM [INFO] ::: [api.database.php]  Database connected Successfully 
Sunday 23rd February 2020 12:31:55 PM [INFO] ::: [api.database.php]  Database connected Successfully 
Sunday 23rd February 2020 12:31:56 PM [INFO] ::: [api.database.php]  Database connected Successfully 
Sunday 23rd February 2020 12:31:58 PM [INFO] ::: [api.database.php]  Database connected Successfully 
Sunday 23rd February 2020 12:31:59 PM [INFO] ::: [api.database.php]  Database connected Successfully 
Sunday 23rd February 2020 12:32:59 PM [INFO] ::: [api.database.php]  Database connected Successfully 
Sunday 23rd February 2020 12:33:00 PM [INFO] ::: [api.database.php]  Database connected Successfully 
Sunday 23rd February 2020 12:33:39 PM [INFO] ::: [api.database.php]  Database connected Successfully 
Sunday 23rd February 2020 12:33:40 PM [INFO] ::: [api.database.php]  Database connected Successfully 
Sunday 23rd February 2020 12:34:57 PM [INFO] ::: [api.database.php]  Database connected Successfully 
Sunday 23rd February 2020 12:34:58 PM [INFO] ::: [api.database.php]  Database connected Successfully 
Sunday 23rd February 2020 12:35:39 PM [INFO] ::: [api.database.php]  Database connected Successfully 
Sunday 23rd February 2020 12:35:40 PM [INFO] ::: [api.database.php]  Database connected Successfully 
Sunday 23rd February 2020 12:38:04 PM [INFO] ::: [api.database.php]  Database connected Successfully 
Sunday 23rd February 2020 12:38:05 PM [INFO] ::: [api.database.php]  Database connected Successfully 
Sunday 23rd February 2020 12:38:24 PM [INFO] ::: [api.database.php]  Database connected Successfully 
Sunday 23rd February 2020 12:38:25 PM [INFO] ::: [api.database.php]  Database connected Successfully 
Sunday 23rd February 2020 12:38:39 PM [INFO] ::: [api.database.php]  Database connected Successfully 
Sunday 23rd February 2020 12:38:40 PM [INFO] ::: [api.database.php]  Database connected Successfully 
Sunday 23rd February 2020 12:39:19 PM [INFO] ::: [api.database.php]  Database connected Successfully 
Sunday 23rd February 2020 12:39:20 PM [INFO] ::: [api.database.php]  Database connected Successfully 
Sunday 23rd February 2020 12:40:45 PM [INFO] ::: [api.database.php]  Database connected Successfully 
Sunday 23rd February 2020 12:40:47 PM [INFO] ::: [api.database.php]  Database connected Successfully 
Sunday 23rd February 2020 12:41:02 PM [INFO] ::: [api.database.php]  Database connected Successfully 
Sunday 23rd February 2020 12:41:03 PM [INFO] ::: [api.database.php]  Database connected Successfully 
Sunday 23rd February 2020 12:41:30 PM [INFO] ::: [api.database.php]  Database connected Successfully 
Sunday 23rd February 2020 12:41:31 PM [INFO] ::: [api.database.php]  Database connected Successfully 
Sunday 23rd February 2020 12:42:03 PM [INFO] ::: [api.database.php]  Database connected Successfully 
Sunday 23rd February 2020 12:42:04 PM [INFO] ::: [api.database.php]  Database connected Successfully 
Sunday 23rd February 2020 12:43:40 PM [INFO] ::: [api.database.php]  Database connected Successfully 
Sunday 23rd February 2020 12:43:41 PM [INFO] ::: [api.database.php]  Database connected Successfully 
Sunday 23rd February 2020 12:45:16 PM [INFO] ::: [api.database.php]  Database connected Successfully 
Sunday 23rd February 2020 12:45:17 PM [INFO] ::: [api.database.php]  Database connected Successfully 
Sunday 23rd February 2020 12:46:06 PM [INFO] ::: [api.database.php]  Database connected Successfully 
Sunday 23rd February 2020 12:46:07 PM [INFO] ::: [api.database.php]  Database connected Successfully 
Sunday 23rd February 2020 12:48:13 PM [INFO] ::: [api.database.php]  Database connected Successfully 
Sunday 23rd February 2020 12:48:14 PM [INFO] ::: [api.database.php]  Database connected Successfully 
Sunday 23rd February 2020 12:48:36 PM [INFO] ::: [api.database.php]  Database connected Successfully 
Sunday 23rd February 2020 12:48:37 PM [INFO] ::: [api.database.php]  Database connected Successfully 
Sunday 23rd February 2020 12:49:39 PM [INFO] ::: [api.database.php]  Database connected Successfully 
Sunday 23rd February 2020 12:49:40 PM [INFO] ::: [api.database.php]  Database connected Successfully 
Sunday 23rd February 2020 12:50:10 PM [INFO] ::: [api.database.php]  Database connected Successfully 
Sunday 23rd February 2020 12:50:11 PM [INFO] ::: [api.database.php]  Database connected Successfully 
Sunday 23rd February 2020 12:51:25 PM [INFO] ::: [api.database.php]  Database connected Successfully 
Sunday 23rd February 2020 12:51:26 PM [INFO] ::: [api.database.php]  Database connected Successfully 
Sunday 23rd February 2020 12:52:23 PM [INFO] ::: [api.database.php]  Database connected Successfully 
Sunday 23rd February 2020 12:52:24 PM [INFO] ::: [api.database.php]  Database connected Successfully 
Sunday 23rd February 2020 12:52:43 PM [INFO] ::: [api.database.php]  Database connected Successfully 
Sunday 23rd February 2020 12:52:44 PM [INFO] ::: [api.database.php]  Database connected Successfully 
Sunday 23rd February 2020 12:55:05 PM [INFO] ::: [api.database.php]  Database connected Successfully 
Sunday 23rd February 2020 12:55:06 PM [INFO] ::: [api.database.php]  Database connected Successfully 
Sunday 23rd February 2020 12:58:19 PM [INFO] ::: [api.database.php]  Database connected Successfully 
Sunday 23rd February 2020 12:58:20 PM [INFO] ::: [api.database.php]  Database connected Successfully 
Sunday 23rd February 2020 12:59:24 PM [INFO] ::: [api.database.php]  Database connected Successfully 
Sunday 23rd February 2020 12:59:25 PM [INFO] ::: [api.database.php]  Database connected Successfully 
Sunday 23rd February 2020 01:50:09 PM [INFO] ::: [api.database.php]  Database connected Successfully 
Sunday 23rd February 2020 01:50:10 PM [INFO] ::: [api.database.php]  Database connected Successfully 
Sunday 23rd February 2020 01:53:06 PM [INFO] ::: [api.database.php]  Database connected Successfully 
Sunday 23rd February 2020 01:53:07 PM [INFO] ::: [api.database.php]  Database connected Successfully 
Sunday 23rd February 2020 02:00:39 PM [INFO] ::: [api.database.php]  Database connected Successfully 
Sunday 23rd February 2020 02:00:40 PM [INFO] ::: [api.database.php]  Database connected Successfully 
Sunday 23rd February 2020 02:01:26 PM [INFO] ::: [api.database.php]  Database connected Successfully 
Sunday 23rd February 2020 02:01:27 PM [INFO] ::: [api.database.php]  Database connected Successfully 
Sunday 23rd February 2020 02:16:19 PM [INFO] ::: [api.database.php]  Database connected Successfully 
Sunday 23rd February 2020 02:16:20 PM [INFO] ::: [api.database.php]  Database connected Successfully 
Sunday 23rd February 2020 02:16:38 PM [INFO] ::: [api.database.php]  Database connected Successfully 
Sunday 23rd February 2020 02:16:39 PM [INFO] ::: [api.database.php]  Database connected Successfully 
Sunday 23rd February 2020 02:22:47 PM [INFO] ::: [api.database.php]  Database connected Successfully 
Sunday 23rd February 2020 02:22:48 PM [INFO] ::: [api.database.php]  Database connected Successfully 
Sunday 23rd February 2020 02:38:10 PM [INFO] ::: [api.database.php]  Database connected Successfully 
Sunday 23rd February 2020 02:38:11 PM [INFO] ::: [api.database.php]  Database connected Successfully 
Sunday 23rd February 2020 03:34:30 PM [INFO] ::: [api.database.php]  Database connected Successfully 
Sunday 23rd February 2020 03:34:31 PM [INFO] ::: [api.database.php]  Database connected Successfully 
Sunday 23rd February 2020 03:35:50 PM [INFO] ::: [api.database.php]  Database connected Successfully 
Sunday 23rd February 2020 03:35:51 PM [INFO] ::: [api.database.php]  Database connected Successfully 
Sunday 23rd February 2020 03:36:24 PM [INFO] ::: [api.database.php]  Database connected Successfully 
Sunday 23rd February 2020 03:36:25 PM [INFO] ::: [api.database.php]  Database connected Successfully 
Sunday 23rd February 2020 04:15:41 PM [INFO] ::: [api.database.php]  Database connected Successfully 
Sunday 23rd February 2020 04:50:51 PM [INFO] ::: [api.database.php]  Database connected Successfully 
Sunday 23rd February 2020 04:50:52 PM [INFO] ::: [api.database.php]  Database connected Successfully 
Sunday 23rd February 2020 04:50:54 PM [INFO] ::: [api.database.php]  Database connected Successfully 
Sunday 23rd February 2020 04:50:55 PM [INFO] ::: [api.database.php]  Database connected Successfully 
Sunday 23rd February 2020 04:50:56 PM [INFO] ::: [api.database.php]  Database connected Successfully 
Sunday 23rd February 2020 04:50:59 PM [INFO] ::: [api.database.php]  Database connected Successfully 
Sunday 23rd February 2020 04:51:00 PM [INFO] ::: [api.database.php]  Database connected Successfully 
Sunday 23rd February 2020 04:51:02 PM [INFO] ::: [api.database.php]  Database connected Successfully 
Sunday 23rd February 2020 05:08:11 PM [INFO] ::: [api.database.php]  Database connected Successfully 
Sunday 23rd February 2020 05:08:12 PM [INFO] ::: [api.database.php]  Database connected Successfully 
Sunday 23rd February 2020 05:08:14 PM [INFO] ::: [api.database.php]  Database connected Successfully 
Sunday 23rd February 2020 05:08:26 PM [INFO] ::: [api.database.php]  Database connected Successfully 
Sunday 23rd February 2020 05:08:43 PM [INFO] ::: [api.database.php]  Database connected Successfully 
Sunday 23rd February 2020 05:12:28 PM [INFO] ::: [api.database.php]  Database connected Successfully 
Sunday 23rd February 2020 05:12:29 PM [INFO] ::: [api.database.php]  Database connected Successfully 
Sunday 23rd February 2020 07:15:04 PM [INFO] ::: [api.database.php]  Database connected Successfully 
Sunday 23rd February 2020 07:15:05 PM [INFO] ::: [api.database.php]  Database connected Successfully 
Sunday 23rd February 2020 07:35:56 PM [INFO] ::: [api.database.php]  Database connected Successfully 
Sunday 23rd February 2020 07:57:00 PM [INFO] ::: [api.database.php]  Database connected Successfully 
Sunday 23rd February 2020 07:57:02 PM [INFO] ::: [api.database.php]  Database connected Successfully 
Sunday 23rd February 2020 07:57:05 PM [INFO] ::: [api.database.php]  Database connected Successfully 
Sunday 23rd February 2020 07:59:12 PM [INFO] ::: [api.database.php]  Database connected Successfully 
Sunday 23rd February 2020 07:59:13 PM [INFO] ::: [api.database.php]  Database connected Successfully 
Sunday 23rd February 2020 08:00:05 PM [INFO] ::: [api.database.php]  Database connected Successfully 
Sunday 23rd February 2020 08:00:06 PM [INFO] ::: [api.database.php]  Database connected Successfully 
Sunday 23rd February 2020 08:01:19 PM [INFO] ::: [api.database.php]  Database connected Successfully 
Sunday 23rd February 2020 08:01:20 PM [INFO] ::: [api.database.php]  Database connected Successfully 
Sunday 23rd February 2020 08:02:13 PM [INFO] ::: [api.database.php]  Database connected Successfully 
Sunday 23rd February 2020 08:02:14 PM [INFO] ::: [api.database.php]  Database connected Successfully 
Sunday 23rd February 2020 08:04:33 PM [INFO] ::: [api.database.php]  Database connected Successfully 
Sunday 23rd February 2020 08:23:43 PM [INFO] ::: [api.database.php]  Database connected Successfully 
Sunday 23rd February 2020 08:23:59 PM [INFO] ::: [api.database.php]  Database connected Successfully 
Sunday 23rd February 2020 08:25:01 PM [INFO] ::: [api.database.php]  Database connected Successfully 
Sunday 23rd February 2020 08:25:13 PM [INFO] ::: [api.database.php]  Database connected Successfully 
Sunday 23rd February 2020 08:26:33 PM [INFO] ::: [api.database.php]  Database connected Successfully 
Sunday 23rd February 2020 08:26:39 PM [INFO] ::: [api.database.php]  Database connected Successfully 
Sunday 23rd February 2020 08:27:11 PM [INFO] ::: [api.database.php]  Database connected Successfully 
Sunday 23rd February 2020 08:27:17 PM [INFO] ::: [api.database.php]  Database connected Successfully 
Sunday 23rd February 2020 08:28:53 PM [INFO] ::: [api.database.php]  Database connected Successfully 
Sunday 23rd February 2020 08:29:00 PM [INFO] ::: [api.database.php]  Database connected Successfully 
Sunday 23rd February 2020 08:29:54 PM [INFO] ::: [api.database.php]  Database connected Successfully 
Sunday 23rd February 2020 08:30:08 PM [INFO] ::: [api.database.php]  Database connected Successfully 
Sunday 23rd February 2020 08:30:31 PM [INFO] ::: [api.database.php]  Database connected Successfully 
Sunday 23rd February 2020 08:30:48 PM [INFO] ::: [api.database.php]  Database connected Successfully 
Sunday 23rd February 2020 08:30:57 PM [INFO] ::: [api.database.php]  Database connected Successfully 
Sunday 23rd February 2020 08:31:41 PM [INFO] ::: [api.database.php]  Database connected Successfully 
Sunday 23rd February 2020 08:31:50 PM [INFO] ::: [api.database.php]  Database connected Successfully 
Sunday 23rd February 2020 08:31:59 PM [INFO] ::: [api.database.php]  Database connected Successfully 
Sunday 23rd February 2020 08:45:36 PM [INFO] ::: [api.database.php]  Database connected Successfully 
Sunday 23rd February 2020 08:48:14 PM [INFO] ::: [api.database.php]  Database connected Successfully 
Sunday 23rd February 2020 08:48:34 PM [INFO] ::: [api.database.php]  Database connected Successfully 
Sunday 23rd February 2020 08:48:45 PM [INFO] ::: [api.database.php]  Database connected Successfully 
Sunday 23rd February 2020 08:48:53 PM [INFO] ::: [api.database.php]  Database connected Successfully 
Sunday 23rd February 2020 08:50:11 PM [INFO] ::: [api.database.php]  Database connected Successfully 
Sunday 23rd February 2020 08:58:01 PM [INFO] ::: [api.database.php]  Database connected Successfully 
Sunday 23rd February 2020 09:02:08 PM [INFO] ::: [api.database.php]  Database connected Successfully 
Sunday 23rd February 2020 09:02:17 PM [INFO] ::: [api.database.php]  Database connected Successfully 
Sunday 23rd February 2020 09:03:46 PM [INFO] ::: [api.database.php]  Database connected Successfully 
Sunday 23rd February 2020 09:06:06 PM [INFO] ::: [api.database.php]  Database connected Successfully 
Sunday 23rd February 2020 09:06:15 PM [INFO] ::: [api.database.php]  Database connected Successfully 
Sunday 23rd February 2020 09:06:49 PM [INFO] ::: [api.database.php]  Database connected Successfully 
Sunday 23rd February 2020 09:07:00 PM [INFO] ::: [api.database.php]  Database connected Successfully 
Sunday 23rd February 2020 09:07:20 PM [INFO] ::: [api.database.php]  Database connected Successfully 
Sunday 23rd February 2020 09:08:43 PM [INFO] ::: [api.database.php]  Database connected Successfully 
Sunday 23rd February 2020 09:08:50 PM [INFO] ::: [api.database.php]  Database connected Successfully 
Sunday 23rd February 2020 09:08:54 PM [INFO] ::: [api.database.php]  Database connected Successfully 
Sunday 23rd February 2020 09:31:01 PM [INFO] ::: [api.database.php]  Database connected Successfully 
Sunday 23rd February 2020 09:31:13 PM [INFO] ::: [api.database.php]  Database connected Successfully 
Sunday 23rd February 2020 09:54:58 PM [INFO] ::: [api.database.php]  Database connected Successfully 
Sunday 23rd February 2020 09:56:46 PM [INFO] ::: [api.database.php]  Database connected Successfully 
Sunday 23rd February 2020 09:57:12 PM [INFO] ::: [api.database.php]  Database connected Successfully 
Sunday 23rd February 2020 09:57:26 PM [INFO] ::: [api.database.php]  Database connected Successfully 
Sunday 23rd February 2020 09:59:31 PM [INFO] ::: [api.database.php]  Database connected Successfully 
Sunday 23rd February 2020 09:59:53 PM [INFO] ::: [api.database.php]  Database connected Successfully 
Sunday 23rd February 2020 10:29:27 PM [INFO] ::: [api.database.php]  Database connected Successfully 
Sunday 23rd February 2020 10:29:50 PM [INFO] ::: [api.database.php]  Database connected Successfully 
Sunday 23rd February 2020 10:30:04 PM [INFO] ::: [api.database.php]  Database connected Successfully 
Sunday 23rd February 2020 10:30:30 PM [INFO] ::: [api.database.php]  Database connected Successfully 
Sunday 23rd February 2020 10:31:06 PM [INFO] ::: [api.database.php]  Database connected Successfully 
Sunday 23rd February 2020 10:31:28 PM [INFO] ::: [api.database.php]  Database connected Successfully 
Sunday 23rd February 2020 10:31:39 PM [INFO] ::: [api.database.php]  Database connected Successfully 
Sunday 23rd February 2020 10:31:55 PM [INFO] ::: [api.database.php]  Database connected Successfully 
Sunday 23rd February 2020 10:32:11 PM [INFO] ::: [api.database.php]  Database connected Successfully 
Sunday 23rd February 2020 10:32:57 PM [INFO] ::: [api.database.php]  Database connected Successfully 
Sunday 23rd February 2020 10:33:57 PM [INFO] ::: [api.database.php]  Database connected Successfully 
Sunday 23rd February 2020 10:34:29 PM [INFO] ::: [api.database.php]  Database connected Successfully 
Sunday 23rd February 2020 10:34:50 PM [INFO] ::: [api.database.php]  Database connected Successfully 
Sunday 23rd February 2020 10:35:06 PM [INFO] ::: [api.database.php]  Database connected Successfully 
Sunday 23rd February 2020 10:35:53 PM [INFO] ::: [api.database.php]  Database connected Successfully 
Sunday 23rd February 2020 10:36:12 PM [INFO] ::: [api.database.php]  Database connected Successfully 
Sunday 23rd February 2020 10:36:32 PM [INFO] ::: [api.database.php]  Database connected Successfully 
Sunday 23rd February 2020 10:41:03 PM [INFO] ::: [api.database.php]  Database connected Successfully 
Sunday 23rd February 2020 10:41:32 PM [INFO] ::: [api.database.php]  Database connected Successfully 
Sunday 23rd February 2020 10:42:22 PM [INFO] ::: [api.database.php]  Database connected Successfully 
Sunday 23rd February 2020 10:44:29 PM [INFO] ::: [api.database.php]  Database connected Successfully 
Sunday 23rd February 2020 10:45:06 PM [INFO] ::: [api.database.php]  Database connected Successfully 
Sunday 23rd February 2020 10:46:12 PM [INFO] ::: [api.database.php]  Database connected Successfully 
Sunday 23rd February 2020 10:54:32 PM [INFO] ::: [api.database.php]  Database connected Successfully 
Sunday 23rd February 2020 10:54:54 PM [INFO] ::: [api.database.php]  Database connected Successfully 
Sunday 23rd February 2020 10:55:44 PM [INFO] ::: [api.database.php]  Database connected Successfully 
Sunday 23rd February 2020 10:56:12 PM [INFO] ::: [api.database.php]  Database connected Successfully 
Sunday 23rd February 2020 10:56:14 PM [INFO] ::: [api.database.php]  Database connected Successfully 
Sunday 23rd February 2020 11:00:09 PM [INFO] ::: [api.database.php]  Database connected Successfully 
Sunday 23rd February 2020 11:00:17 PM [INFO] ::: [api.database.php]  Database connected Successfully 
Sunday 23rd February 2020 11:00:47 PM [INFO] ::: [api.database.php]  Database connected Successfully 
Sunday 23rd February 2020 11:01:08 PM [INFO] ::: [api.database.php]  Database connected Successfully 
Sunday 23rd February 2020 11:01:14 PM [INFO] ::: [api.database.php]  Database connected Successfully 
Sunday 23rd February 2020 11:02:24 PM [INFO] ::: [api.database.php]  Database connected Successfully 
Sunday 23rd February 2020 11:02:33 PM [INFO] ::: [api.database.php]  Database connected Successfully 
Sunday 23rd February 2020 11:06:48 PM [INFO] ::: [api.database.php]  Database connected Successfully 
Sunday 23rd February 2020 11:06:54 PM [INFO] ::: [api.database.php]  Database connected Successfully 
Sunday 23rd February 2020 11:08:01 PM [INFO] ::: [api.database.php]  Database connected Successfully 
Sunday 23rd February 2020 11:08:07 PM [INFO] ::: [api.database.php]  Database connected Successfully 
Sunday 23rd February 2020 11:09:44 PM [INFO] ::: [api.database.php]  Database connected Successfully 
Wednesday 26th February 2020 10:34:41 AM [INFO] ::: [api.database.php]  Database connected Successfully 
Wednesday 26th February 2020 10:34:42 AM [INFO] ::: [api.database.php]  Database connected Successfully 
Wednesday 26th February 2020 10:34:45 AM [INFO] ::: [api.database.php]  Database connected Successfully 
Wednesday 26th February 2020 10:35:03 AM [INFO] ::: [api.database.php]  Database connected Successfully 
Wednesday 26th February 2020 10:35:09 AM [INFO] ::: [api.database.php]  Database connected Successfully 
Wednesday 26th February 2020 10:59:51 AM [INFO] ::: [api.database.php]  Database connected Successfully 
Wednesday 26th February 2020 10:59:59 AM [INFO] ::: [api.database.php]  Database connected Successfully 
Wednesday 26th February 2020 11:03:29 AM [INFO] ::: [api.database.php]  Database connected Successfully 
Wednesday 26th February 2020 11:03:38 AM [INFO] ::: [api.database.php]  Database connected Successfully 
Wednesday 26th February 2020 11:03:46 AM [INFO] ::: [api.database.php]  Database connected Successfully 
Wednesday 26th February 2020 11:14:21 AM [INFO] ::: [api.database.php]  Database connected Successfully 
Wednesday 26th February 2020 11:14:37 AM [INFO] ::: [api.database.php]  Database connected Successfully 
Wednesday 26th February 2020 11:15:05 AM [INFO] ::: [api.database.php]  Database connected Successfully 
Wednesday 26th February 2020 11:15:11 AM [INFO] ::: [api.database.php]  Database connected Successfully 
Thursday 27th February 2020 11:19:33 AM [INFO] ::: [api.database.php]  Database connected Successfully 
Thursday 27th February 2020 11:19:41 AM [INFO] ::: [api.database.php]  Database connected Successfully 
Thursday 27th February 2020 11:20:30 AM [INFO] ::: [api.database.php]  Database connected Successfully 
Thursday 27th February 2020 11:20:34 AM [INFO] ::: [api.database.php]  Database connected Successfully 
Thursday 27th February 2020 11:21:02 AM [INFO] ::: [api.database.php]  Database connected Successfully 
Thursday 27th February 2020 11:49:02 AM [INFO] ::: [api.database.php]  Database connected Successfully 
Thursday 27th February 2020 11:49:14 AM [INFO] ::: [api.database.php]  Database connected Successfully 
Thursday 27th February 2020 11:49:22 AM [INFO] ::: [api.database.php]  Database connected Successfully 
Friday 28th February 2020 09:39:52 AM [INFO] ::: [api.database.php]  Database connected Successfully 
Friday 28th February 2020 09:40:00 AM [INFO] ::: [api.database.php]  Database connected Successfully 
Friday 28th February 2020 09:52:51 AM [INFO] ::: [api.database.php]  Database connected Successfully 
Friday 28th February 2020 09:52:58 AM [INFO] ::: [api.database.php]  Database connected Successfully 
Friday 28th February 2020 09:54:32 AM [INFO] ::: [api.database.php]  Database connected Successfully 
Friday 28th February 2020 09:54:41 AM [INFO] ::: [api.database.php]  Database connected Successfully 
Friday 28th February 2020 09:56:36 AM [INFO] ::: [api.database.php]  Database connected Successfully 
Friday 28th February 2020 09:56:44 AM [INFO] ::: [api.database.php]  Database connected Successfully 
Friday 28th February 2020 09:59:15 AM [INFO] ::: [api.database.php]  Database connected Successfully 
Friday 28th February 2020 09:59:23 AM [INFO] ::: [api.database.php]  Database connected Successfully 
Friday 28th February 2020 10:00:15 AM [INFO] ::: [api.database.php]  Database connected Successfully 
Friday 28th February 2020 10:00:24 AM [INFO] ::: [api.database.php]  Database connected Successfully 
Friday 28th February 2020 10:01:19 AM [INFO] ::: [api.database.php]  Database connected Successfully 
Friday 28th February 2020 10:01:27 AM [INFO] ::: [api.database.php]  Database connected Successfully 
Saturday 29th February 2020 02:28:10 PM [INFO] ::: [api.database.php]  Database connected Successfully 
Saturday 29th February 2020 02:36:49 PM [INFO] ::: [api.database.php]  Database connected Successfully 
Saturday 29th February 2020 02:36:57 PM [INFO] ::: [api.database.php]  Database connected Successfully 
Saturday 29th February 2020 02:55:00 PM [INFO] ::: [api.database.php]  Database connected Successfully 
Monday 2nd March 2020 11:23:09 AM [INFO] ::: [api.database.php]  Database connected Successfully 
Monday 2nd March 2020 11:49:13 AM [INFO] ::: [api.database.php]  Database connected Successfully 
Tuesday 3rd March 2020 11:21:01 AM [INFO] ::: [api.database.php]  Database connected Successfully 
Tuesday 3rd March 2020 11:32:16 AM [INFO] ::: [api.database.php]  Database connected Successfully 
Tuesday 3rd March 2020 11:33:37 AM [INFO] ::: [api.database.php]  Database connected Successfully 
Tuesday 3rd March 2020 11:34:26 AM [INFO] ::: [api.database.php]  Database connected Successfully 
Tuesday 3rd March 2020 11:36:29 AM [INFO] ::: [api.database.php]  Database connected Successfully 
Tuesday 3rd March 2020 11:37:28 AM [INFO] ::: [api.database.php]  Database connected Successfully 
Tuesday 3rd March 2020 11:38:33 AM [INFO] ::: [api.database.php]  Database connected Successfully 
Tuesday 3rd March 2020 11:40:04 AM [INFO] ::: [api.database.php]  Database connected Successfully 
Tuesday 3rd March 2020 11:41:09 AM [INFO] ::: [api.database.php]  Database connected Successfully 
Tuesday 3rd March 2020 11:42:21 AM [INFO] ::: [api.database.php]  Database connected Successfully 
Tuesday 3rd March 2020 11:46:11 AM [INFO] ::: [api.database.php]  Database connected Successfully 
Tuesday 3rd March 2020 12:06:06 PM [INFO] ::: [api.database.php]  Database connected Successfully 
Tuesday 3rd March 2020 12:06:54 PM [INFO] ::: [api.database.php]  Database connected Successfully 
Wednesday 4th March 2020 07:24:56 AM [INFO] ::: [api.database.php]  Database connected Successfully 
Wednesday 4th March 2020 07:26:54 AM [INFO] ::: [api.database.php]  Database connected Successfully 
Wednesday 4th March 2020 07:29:27 AM [INFO] ::: [api.database.php]  Database connected Successfully 
Wednesday 4th March 2020 07:30:07 AM [INFO] ::: [api.database.php]  Database connected Successfully 
Wednesday 4th March 2020 07:30:46 AM [INFO] ::: [api.database.php]  Database connected Successfully 
Wednesday 4th March 2020 07:31:22 AM [INFO] ::: [api.database.php]  Database connected Successfully 
Wednesday 4th March 2020 07:33:56 AM [INFO] ::: [api.database.php]  Database connected Successfully 
Wednesday 4th March 2020 07:34:55 AM [INFO] ::: [api.database.php]  Database connected Successfully 
Wednesday 4th March 2020 07:35:10 AM [INFO] ::: [api.database.php]  Database connected Successfully 
Wednesday 4th March 2020 07:41:58 AM [INFO] ::: [api.database.php]  Database connected Successfully 
Wednesday 4th March 2020 07:43:31 AM [INFO] ::: [api.database.php]  Database connected Successfully 
Wednesday 4th March 2020 07:44:17 AM [INFO] ::: [api.database.php]  Database connected Successfully 
Wednesday 4th March 2020 07:46:10 AM [INFO] ::: [api.database.php]  Database connected Successfully 
Wednesday 4th March 2020 07:47:24 AM [INFO] ::: [api.database.php]  Database connected Successfully 
Wednesday 4th March 2020 07:48:15 AM [INFO] ::: [api.database.php]  Database connected Successfully 
Wednesday 4th March 2020 07:55:02 AM [INFO] ::: [api.database.php]  Database connected Successfully 
Wednesday 4th March 2020 08:03:19 AM [INFO] ::: [api.database.php]  Database connected Successfully 
Wednesday 4th March 2020 08:03:41 AM [INFO] ::: [api.database.php]  Database connected Successfully 
Wednesday 4th March 2020 08:07:56 AM [INFO] ::: [api.database.php]  Database connected Successfully 
Wednesday 4th March 2020 08:09:31 AM [INFO] ::: [api.database.php]  Database connected Successfully 
Wednesday 4th March 2020 08:14:39 AM [INFO] ::: [api.database.php]  Database connected Successfully 
Wednesday 4th March 2020 08:18:36 AM [INFO] ::: [api.database.php]  Database connected Successfully 
Wednesday 4th March 2020 08:19:18 AM [INFO] ::: [api.database.php]  Database connected Successfully 
Wednesday 4th March 2020 08:20:36 AM [INFO] ::: [api.database.php]  Database connected Successfully 
Wednesday 4th March 2020 08:21:45 AM [INFO] ::: [api.database.php]  Database connected Successfully 
Wednesday 4th March 2020 08:24:23 AM [INFO] ::: [api.database.php]  Database connected Successfully 
Wednesday 4th March 2020 08:27:33 AM [INFO] ::: [api.database.php]  Database connected Successfully 
Wednesday 4th March 2020 08:32:31 AM [INFO] ::: [api.database.php]  Database connected Successfully 
Wednesday 4th March 2020 08:45:15 AM [INFO] ::: [api.database.php]  Database connected Successfully 
Wednesday 4th March 2020 08:55:07 AM [INFO] ::: [api.database.php]  Database connected Successfully 
Wednesday 4th March 2020 08:56:07 AM [INFO] ::: [api.database.php]  Database connected Successfully 
Wednesday 4th March 2020 08:57:00 AM [INFO] ::: [api.database.php]  Database connected Successfully 
Wednesday 4th March 2020 09:01:58 AM [INFO] ::: [api.database.php]  Database connected Successfully 
Wednesday 4th March 2020 09:02:41 AM [INFO] ::: [api.database.php]  Database connected Successfully 
Wednesday 4th March 2020 09:09:47 AM [INFO] ::: [api.database.php]  Database connected Successfully 
Wednesday 4th March 2020 09:12:03 AM [INFO] ::: [api.database.php]  Database connected Successfully 
Wednesday 4th March 2020 09:29:55 AM [INFO] ::: [api.database.php]  Database connected Successfully 
Wednesday 4th March 2020 09:37:55 AM [INFO] ::: [api.database.php]  Database connected Successfully 
Wednesday 4th March 2020 09:39:01 AM [INFO] ::: [api.database.php]  Database connected Successfully 
Wednesday 4th March 2020 09:40:14 AM [INFO] ::: [api.database.php]  Database connected Successfully 
Wednesday 4th March 2020 09:43:24 AM [INFO] ::: [api.database.php]  Database connected Successfully 
Saturday 7th March 2020 03:44:04 PM [INFO] ::: [api.database.php]  Database connected Successfully 
Saturday 7th March 2020 06:04:53 PM [INFO] ::: [api.database.php]  Database connected Successfully 
Saturday 7th March 2020 06:05:46 PM [INFO] ::: [api.database.php]  Database connected Successfully 
Saturday 7th March 2020 06:19:27 PM [INFO] ::: [api.database.php]  Database connected Successfully 
Saturday 7th March 2020 06:27:25 PM [INFO] ::: [api.database.php]  Database connected Successfully 
Saturday 7th March 2020 06:39:13 PM [INFO] ::: [api.database.php]  Database connected Successfully 
Saturday 7th March 2020 06:41:11 PM [INFO] ::: [api.database.php]  Database connected Successfully 
Saturday 7th March 2020 07:07:30 PM [INFO] ::: [api.database.php]  Database connected Successfully 
Sunday 8th March 2020 04:19:58 PM [INFO] ::: [api.database.php]  Database connected Successfully 
Sunday 8th March 2020 04:28:40 PM [INFO] ::: [api.database.php]  Database connected Successfully 
Sunday 8th March 2020 04:28:46 PM [INFO] ::: [api.database.php]  Database connected Successfully 
Sunday 8th March 2020 04:30:48 PM [INFO] ::: [api.database.php]  Database connected Successfully 
Sunday 8th March 2020 04:32:50 PM [INFO] ::: [api.database.php]  Database connected Successfully 
Sunday 8th March 2020 05:12:39 PM [INFO] ::: [api.database.php]  Database connected Successfully 
Sunday 8th March 2020 05:19:14 PM [INFO] ::: [api.database.php]  Database connected Successfully 
Sunday 8th March 2020 05:19:21 PM [INFO] ::: [api.database.php]  Database connected Successfully 
Sunday 8th March 2020 05:20:08 PM [INFO] ::: [api.database.php]  Database connected Successfully 
Sunday 8th March 2020 05:20:13 PM [INFO] ::: [api.database.php]  Database connected Successfully 
Sunday 8th March 2020 05:20:27 PM [INFO] ::: [api.database.php]  Database connected Successfully 
Sunday 8th March 2020 05:20:36 PM [INFO] ::: [api.database.php]  Database connected Successfully 
Sunday 8th March 2020 05:21:23 PM [INFO] ::: [api.database.php]  Database connected Successfully 
Sunday 8th March 2020 05:21:29 PM [INFO] ::: [api.database.php]  Database connected Successfully 
Sunday 8th March 2020 05:21:37 PM [INFO] ::: [api.database.php]  Database connected Successfully 
Sunday 8th March 2020 05:24:37 PM [INFO] ::: [api.database.php]  Database connected Successfully 
Sunday 8th March 2020 05:24:44 PM [INFO] ::: [api.database.php]  Database connected Successfully 
Sunday 8th March 2020 05:24:53 PM [INFO] ::: [api.database.php]  Database connected Successfully 
Sunday 8th March 2020 05:25:02 PM [INFO] ::: [api.database.php]  Database connected Successfully 
Sunday 8th March 2020 05:26:13 PM [INFO] ::: [api.database.php]  Database connected Successfully 
Sunday 8th March 2020 05:27:00 PM [INFO] ::: [api.database.php]  Database connected Successfully 
Sunday 8th March 2020 05:27:07 PM [INFO] ::: [api.database.php]  Database connected Successfully 
Sunday 8th March 2020 05:27:15 PM [INFO] ::: [api.database.php]  Database connected Successfully 
Sunday 8th March 2020 05:27:29 PM [INFO] ::: [api.database.php]  Database connected Successfully 
Sunday 8th March 2020 05:27:41 PM [INFO] ::: [api.database.php]  Database connected Successfully 
Sunday 8th March 2020 05:28:03 PM [INFO] ::: [api.database.php]  Database connected Successfully 
Sunday 8th March 2020 05:28:26 PM [INFO] ::: [api.database.php]  Database connected Successfully 
Sunday 8th March 2020 05:28:56 PM [INFO] ::: [api.database.php]  Database connected Successfully 
Sunday 8th March 2020 05:28:57 PM [INFO] ::: [api.database.php]  Query(Status-SUCCESS) : INSERT INTO user_accounts_auth(mob_code, mobile, mob_val, surName, name, gender, acc_pwd, q1, a1, q2, a2, q3, a3, acc_active) VALUES ('+91','6300193369','Y','QWERT','SAFDD','MALE','553501692703f81e92ba2df8ddeee012','1','Pulihora','3','Dosa','2','India','Y'); 
Sunday 8th March 2020 05:32:07 PM [INFO] ::: [api.database.php]  Database connected Successfully 
Sunday 8th March 2020 05:46:10 PM [INFO] ::: [api.database.php]  Database connected Successfully 
Sunday 8th March 2020 05:46:18 PM [INFO] ::: [api.database.php]  Database connected Successfully 
Sunday 8th March 2020 05:56:23 PM [INFO] ::: [api.database.php]  Database connected Successfully 
Sunday 8th March 2020 05:56:29 PM [INFO] ::: [api.database.php]  Database connected Successfully 
Sunday 8th March 2020 06:20:45 PM [INFO] ::: [api.database.php]  Database connected Successfully 
Sunday 8th March 2020 06:20:59 PM [INFO] ::: [api.database.php]  Database connected Successfully 
Sunday 8th March 2020 06:23:30 PM [INFO] ::: [api.database.php]  Database connected Successfully 
Sunday 8th March 2020 06:24:54 PM [INFO] ::: [api.database.php]  Database connected Successfully 
Sunday 8th March 2020 06:25:07 PM [INFO] ::: [api.database.php]  Database connected Successfully 
Sunday 8th March 2020 06:26:11 PM [INFO] ::: [api.database.php]  Database connected Successfully 
Sunday 8th March 2020 06:26:18 PM [INFO] ::: [api.database.php]  Database connected Successfully 
Sunday 8th March 2020 06:27:34 PM [INFO] ::: [api.database.php]  Database connected Successfully 
Sunday 8th March 2020 06:27:48 PM [INFO] ::: [api.database.php]  Database connected Successfully 
Sunday 8th March 2020 06:29:11 PM [INFO] ::: [api.database.php]  Database connected Successfully 
Sunday 8th March 2020 06:38:16 PM [INFO] ::: [api.database.php]  Database connected Successfully 
Sunday 8th March 2020 06:38:25 PM [INFO] ::: [api.database.php]  Database connected Successfully 
Sunday 8th March 2020 06:38:46 PM [INFO] ::: [api.database.php]  Database connected Successfully 
Sunday 8th March 2020 06:39:16 PM [INFO] ::: [api.database.php]  Database connected Successfully 
Sunday 8th March 2020 06:42:04 PM [INFO] ::: [api.database.php]  Database connected Successfully 
Sunday 8th March 2020 06:42:11 PM [INFO] ::: [api.database.php]  Database connected Successfully 
Sunday 8th March 2020 06:42:29 PM [INFO] ::: [api.database.php]  Database connected Successfully 
Sunday 8th March 2020 06:42:43 PM [INFO] ::: [api.database.php]  Database connected Successfully 
Sunday 8th March 2020 06:54:57 PM [INFO] ::: [api.database.php]  Database connected Successfully 
Sunday 8th March 2020 06:55:07 PM [INFO] ::: [api.database.php]  Database connected Successfully 
Sunday 8th March 2020 06:55:35 PM [INFO] ::: [api.database.php]  Database connected Successfully 
Sunday 8th March 2020 06:57:07 PM [INFO] ::: [api.database.php]  Database connected Successfully 
Sunday 8th March 2020 06:57:24 PM [INFO] ::: [api.database.php]  Database connected Successfully 
Sunday 8th March 2020 06:57:47 PM [INFO] ::: [api.database.php]  Database connected Successfully 
Sunday 8th March 2020 07:14:59 PM [INFO] ::: [api.database.php]  Database connected Successfully 
Sunday 8th March 2020 07:15:08 PM [INFO] ::: [api.database.php]  Database connected Successfully 
Sunday 8th March 2020 07:15:09 PM [INFO] ::: [api.database.php]  Database connected Successfully 
Sunday 8th March 2020 07:15:16 PM [INFO] ::: [api.database.php]  Database connected Successfully 
Sunday 8th March 2020 07:15:52 PM [INFO] ::: [api.database.php]  Database connected Successfully 
Sunday 8th March 2020 07:16:55 PM [INFO] ::: [api.database.php]  Database connected Successfully 
Sunday 8th March 2020 07:17:05 PM [INFO] ::: [api.database.php]  Database connected Successfully 
Sunday 8th March 2020 07:22:41 PM [INFO] ::: [api.database.php]  Database connected Successfully 
Sunday 8th March 2020 10:02:20 PM [INFO] ::: [api.database.php]  Database connected Successfully 
Sunday 8th March 2020 10:02:43 PM [INFO] ::: [api.database.php]  Database connected Successfully 
Sunday 8th March 2020 10:05:02 PM [INFO] ::: [api.database.php]  Database connected Successfully 
Sunday 8th March 2020 10:05:19 PM [INFO] ::: [api.database.php]  Database connected Successfully 
Sunday 8th March 2020 10:05:28 PM [INFO] ::: [api.database.php]  Database connected Successfully 
Sunday 8th March 2020 10:06:51 PM [INFO] ::: [api.database.php]  Database connected Successfully 
Sunday 8th March 2020 10:06:58 PM [INFO] ::: [api.database.php]  Database connected Successfully 
Sunday 8th March 2020 10:07:29 PM [INFO] ::: [api.database.php]  Database connected Successfully 
Sunday 8th March 2020 10:07:48 PM [INFO] ::: [api.database.php]  Database connected Successfully 
Sunday 8th March 2020 11:04:13 PM [INFO] ::: [api.database.php]  Database connected Successfully 
Sunday 8th March 2020 11:04:20 PM [INFO] ::: [api.database.php]  Database connected Successfully 
Sunday 8th March 2020 11:04:28 PM [INFO] ::: [api.database.php]  Database connected Successfully 
Sunday 8th March 2020 11:04:50 PM [INFO] ::: [api.database.php]  Database connected Successfully 
Sunday 8th March 2020 11:06:00 PM [INFO] ::: [api.database.php]  Database connected Successfully 
Sunday 8th March 2020 11:06:08 PM [INFO] ::: [api.database.php]  Database connected Successfully 
Sunday 8th March 2020 11:06:32 PM [INFO] ::: [api.database.php]  Database connected Successfully 
Sunday 8th March 2020 11:07:10 PM [INFO] ::: [api.database.php]  Database connected Successfully 
Sunday 8th March 2020 11:07:20 PM [INFO] ::: [api.database.php]  Database connected Successfully 
Sunday 8th March 2020 11:07:42 PM [INFO] ::: [api.database.php]  Database connected Successfully 
Sunday 8th March 2020 11:09:08 PM [INFO] ::: [api.database.php]  Database connected Successfully 
Sunday 8th March 2020 11:09:17 PM [INFO] ::: [api.database.php]  Database connected Successfully 
Sunday 8th March 2020 11:09:39 PM [INFO] ::: [api.database.php]  Database connected Successfully 
Sunday 8th March 2020 11:09:51 PM [INFO] ::: [api.database.php]  Database connected Successfully 
Sunday 8th March 2020 11:10:00 PM [INFO] ::: [api.database.php]  Database connected Successfully 
Sunday 8th March 2020 11:14:05 PM [INFO] ::: [api.database.php]  Database connected Successfully 
Sunday 8th March 2020 11:14:15 PM [INFO] ::: [api.database.php]  Database connected Successfully 
Sunday 8th March 2020 11:15:43 PM [INFO] ::: [api.database.php]  Database connected Successfully 
Sunday 8th March 2020 11:15:51 PM [INFO] ::: [api.database.php]  Database connected Successfully 
Sunday 8th March 2020 11:16:51 PM [INFO] ::: [api.database.php]  Database connected Successfully 
Sunday 8th March 2020 11:29:31 PM [INFO] ::: [api.database.php]  Database connected Successfully 
Sunday 8th March 2020 11:30:58 PM [INFO] ::: [api.database.php]  Database connected Successfully 
Sunday 8th March 2020 11:31:05 PM [INFO] ::: [api.database.php]  Database connected Successfully 
Sunday 8th March 2020 11:31:31 PM [INFO] ::: [api.database.php]  Database connected Successfully 
