Sunday 5th January 2020 08:02:22 PM [INFO] ::: [api.database.php]  Database connected Successfully 
Sunday 5th January 2020 08:03:35 PM [INFO] ::: [api.database.php]  Database connected Successfully 
Sunday 5th January 2020 08:06:16 PM [INFO] ::: [api.database.php]  Database connected Successfully 
Sunday 5th January 2020 08:06:47 PM [INFO] ::: [api.database.php]  Database connected Successfully 
Sunday 5th January 2020 08:07:25 PM [INFO] ::: [api.database.php]  Database connected Successfully 
Sunday 5th January 2020 08:07:39 PM [INFO] ::: [api.database.php]  Database connected Successfully 
Sunday 5th January 2020 08:07:50 PM [INFO] ::: [api.database.php]  Database connected Successfully 
Sunday 5th January 2020 08:08:12 PM [INFO] ::: [api.database.php]  Database connected Successfully 
Sunday 5th January 2020 08:08:33 PM [INFO] ::: [api.database.php]  Database connected Successfully 
Sunday 5th January 2020 08:08:46 PM [INFO] ::: [api.database.php]  Database connected Successfully 
Sunday 5th January 2020 08:09:22 PM [INFO] ::: [api.database.php]  Database connected Successfully 
Sunday 5th January 2020 08:10:52 PM [INFO] ::: [api.database.php]  Database connected Successfully 
Sunday 5th January 2020 08:11:03 PM [INFO] ::: [api.database.php]  Database connected Successfully 
Sunday 5th January 2020 08:11:07 PM [INFO] ::: [api.database.php]  Database connected Successfully 
Sunday 5th January 2020 09:31:39 PM [INFO] ::: [api.database.php]  Database connected Successfully 
Sunday 5th January 2020 09:32:41 PM [INFO] ::: [api.database.php]  Database connected Successfully 
Sunday 5th January 2020 09:33:44 PM [INFO] ::: [api.database.php]  Database connected Successfully 
Sunday 5th January 2020 09:35:55 PM [INFO] ::: [api.database.php]  Database connected Successfully 
Sunday 5th January 2020 09:35:57 PM [INFO] ::: [api.database.php]  Database connected Successfully 
Sunday 5th January 2020 09:36:08 PM [INFO] ::: [api.database.php]  Database connected Successfully 
Sunday 5th January 2020 09:36:09 PM [INFO] ::: [api.database.php]  Database connected Successfully 
Sunday 5th January 2020 09:36:10 PM [INFO] ::: [api.database.php]  Database connected Successfully 
Sunday 5th January 2020 09:36:11 PM [INFO] ::: [api.database.php]  Database connected Successfully 
Sunday 5th January 2020 09:36:12 PM [INFO] ::: [api.database.php]  Database connected Successfully 
Sunday 5th January 2020 09:36:13 PM [INFO] ::: [api.database.php]  Database connected Successfully 
Sunday 5th January 2020 09:36:14 PM [INFO] ::: [api.database.php]  Database connected Successfully 
Sunday 5th January 2020 09:36:15 PM [INFO] ::: [api.database.php]  Database connected Successfully 
Sunday 5th January 2020 09:36:16 PM [INFO] ::: [api.database.php]  Database connected Successfully 
Sunday 5th January 2020 09:36:17 PM [INFO] ::: [api.database.php]  Database connected Successfully 
Sunday 5th January 2020 09:36:17 PM [INFO] ::: [api.database.php]  Database connected Successfully 
Sunday 5th January 2020 09:36:18 PM [INFO] ::: [api.database.php]  Database connected Successfully 
Sunday 5th January 2020 09:36:19 PM [INFO] ::: [api.database.php]  Database connected Successfully 
Sunday 5th January 2020 09:36:20 PM [INFO] ::: [api.database.php]  Database connected Successfully 
Sunday 5th January 2020 09:36:21 PM [INFO] ::: [api.database.php]  Database connected Successfully 
Sunday 5th January 2020 09:36:22 PM [INFO] ::: [api.database.php]  Database connected Successfully 
Sunday 5th January 2020 09:36:23 PM [INFO] ::: [api.database.php]  Database connected Successfully 
Sunday 5th January 2020 09:36:24 PM [INFO] ::: [api.database.php]  Database connected Successfully 
Sunday 5th January 2020 09:36:25 PM [INFO] ::: [api.database.php]  Database connected Successfully 
Sunday 5th January 2020 09:36:26 PM [INFO] ::: [api.database.php]  Database connected Successfully 
Sunday 5th January 2020 09:36:27 PM [INFO] ::: [api.database.php]  Database connected Successfully 
Sunday 5th January 2020 09:36:28 PM [INFO] ::: [api.database.php]  Database connected Successfully 
Sunday 5th January 2020 09:36:29 PM [INFO] ::: [api.database.php]  Database connected Successfully 
Sunday 5th January 2020 09:36:30 PM [INFO] ::: [api.database.php]  Database connected Successfully 
Sunday 5th January 2020 09:36:31 PM [INFO] ::: [api.database.php]  Database connected Successfully 
Sunday 5th January 2020 09:36:32 PM [INFO] ::: [api.database.php]  Database connected Successfully 
Sunday 5th January 2020 09:36:33 PM [INFO] ::: [api.database.php]  Database connected Successfully 
Sunday 5th January 2020 09:36:34 PM [INFO] ::: [api.database.php]  Database connected Successfully 
Sunday 5th January 2020 09:36:35 PM [INFO] ::: [api.database.php]  Database connected Successfully 
Sunday 5th January 2020 09:36:36 PM [INFO] ::: [api.database.php]  Database connected Successfully 
Sunday 5th January 2020 09:36:37 PM [INFO] ::: [api.database.php]  Database connected Successfully 
Sunday 5th January 2020 09:36:38 PM [INFO] ::: [api.database.php]  Database connected Successfully 
Sunday 5th January 2020 09:36:39 PM [INFO] ::: [api.database.php]  Database connected Successfully 
Sunday 5th January 2020 09:36:40 PM [INFO] ::: [api.database.php]  Database connected Successfully 
Sunday 5th January 2020 09:36:41 PM [INFO] ::: [api.database.php]  Database connected Successfully 
Sunday 5th January 2020 09:36:42 PM [INFO] ::: [api.database.php]  Database connected Successfully 
Sunday 5th January 2020 09:36:43 PM [INFO] ::: [api.database.php]  Database connected Successfully 
Sunday 5th January 2020 09:36:44 PM [INFO] ::: [api.database.php]  Database connected Successfully 
Sunday 5th January 2020 09:36:45 PM [INFO] ::: [api.database.php]  Database connected Successfully 
Sunday 5th January 2020 09:36:46 PM [INFO] ::: [api.database.php]  Database connected Successfully 
Sunday 5th January 2020 09:36:47 PM [INFO] ::: [api.database.php]  Database connected Successfully 
Sunday 5th January 2020 09:36:48 PM [INFO] ::: [api.database.php]  Database connected Successfully 
Sunday 5th January 2020 09:36:49 PM [INFO] ::: [api.database.php]  Database connected Successfully 
Sunday 5th January 2020 09:36:50 PM [INFO] ::: [api.database.php]  Database connected Successfully 
Sunday 5th January 2020 09:36:51 PM [INFO] ::: [api.database.php]  Database connected Successfully 
Sunday 5th January 2020 09:36:52 PM [INFO] ::: [api.database.php]  Database connected Successfully 
Sunday 5th January 2020 09:36:53 PM [INFO] ::: [api.database.php]  Database connected Successfully 
Sunday 5th January 2020 09:36:54 PM [INFO] ::: [api.database.php]  Database connected Successfully 
Sunday 5th January 2020 09:36:55 PM [INFO] ::: [api.database.php]  Database connected Successfully 
Sunday 5th January 2020 09:36:56 PM [INFO] ::: [api.database.php]  Database connected Successfully 
Sunday 5th January 2020 09:36:57 PM [INFO] ::: [api.database.php]  Database connected Successfully 
Sunday 5th January 2020 09:36:58 PM [INFO] ::: [api.database.php]  Database connected Successfully 
Sunday 5th January 2020 09:36:59 PM [INFO] ::: [api.database.php]  Database connected Successfully 
Sunday 5th January 2020 09:37:00 PM [INFO] ::: [api.database.php]  Database connected Successfully 
Sunday 5th January 2020 09:37:01 PM [INFO] ::: [api.database.php]  Database connected Successfully 
Sunday 5th January 2020 09:37:02 PM [INFO] ::: [api.database.php]  Database connected Successfully 
Sunday 5th January 2020 09:37:03 PM [INFO] ::: [api.database.php]  Database connected Successfully 
Sunday 5th January 2020 09:37:04 PM [INFO] ::: [api.database.php]  Database connected Successfully 
Sunday 5th January 2020 09:37:05 PM [INFO] ::: [api.database.php]  Database connected Successfully 
Sunday 5th January 2020 09:37:06 PM [INFO] ::: [api.database.php]  Database connected Successfully 
Sunday 5th January 2020 09:37:07 PM [INFO] ::: [api.database.php]  Database connected Successfully 
Sunday 5th January 2020 09:37:08 PM [INFO] ::: [api.database.php]  Database connected Successfully 
Sunday 5th January 2020 09:37:08 PM [INFO] ::: [api.database.php]  Database connected Successfully 
Sunday 5th January 2020 09:37:09 PM [INFO] ::: [api.database.php]  Database connected Successfully 
Sunday 5th January 2020 09:37:11 PM [INFO] ::: [api.database.php]  Database connected Successfully 
Sunday 5th January 2020 09:37:12 PM [INFO] ::: [api.database.php]  Database connected Successfully 
Sunday 5th January 2020 09:37:13 PM [INFO] ::: [api.database.php]  Database connected Successfully 
Sunday 5th January 2020 09:37:14 PM [INFO] ::: [api.database.php]  Database connected Successfully 
Sunday 5th January 2020 09:37:15 PM [INFO] ::: [api.database.php]  Database connected Successfully 
Sunday 5th January 2020 09:37:16 PM [INFO] ::: [api.database.php]  Database connected Successfully 
Sunday 5th January 2020 09:37:17 PM [INFO] ::: [api.database.php]  Database connected Successfully 
Sunday 5th January 2020 09:37:18 PM [INFO] ::: [api.database.php]  Database connected Successfully 
Sunday 5th January 2020 09:37:19 PM [INFO] ::: [api.database.php]  Database connected Successfully 
Sunday 5th January 2020 09:37:20 PM [INFO] ::: [api.database.php]  Database connected Successfully 
Sunday 5th January 2020 09:37:21 PM [INFO] ::: [api.database.php]  Database connected Successfully 
Sunday 5th January 2020 09:37:22 PM [INFO] ::: [api.database.php]  Database connected Successfully 
Sunday 5th January 2020 09:37:23 PM [INFO] ::: [api.database.php]  Database connected Successfully 
Sunday 5th January 2020 09:37:24 PM [INFO] ::: [api.database.php]  Database connected Successfully 
Sunday 5th January 2020 09:37:25 PM [INFO] ::: [api.database.php]  Database connected Successfully 
Sunday 5th January 2020 09:37:26 PM [INFO] ::: [api.database.php]  Database connected Successfully 
Sunday 5th January 2020 09:37:27 PM [INFO] ::: [api.database.php]  Database connected Successfully 
Sunday 5th January 2020 09:37:28 PM [INFO] ::: [api.database.php]  Database connected Successfully 
Sunday 5th January 2020 09:37:29 PM [INFO] ::: [api.database.php]  Database connected Successfully 
Sunday 5th January 2020 09:37:30 PM [INFO] ::: [api.database.php]  Database connected Successfully 
Sunday 5th January 2020 09:37:31 PM [INFO] ::: [api.database.php]  Database connected Successfully 
Sunday 5th January 2020 09:37:32 PM [INFO] ::: [api.database.php]  Database connected Successfully 
Sunday 5th January 2020 09:37:33 PM [INFO] ::: [api.database.php]  Database connected Successfully 
Sunday 5th January 2020 09:37:34 PM [INFO] ::: [api.database.php]  Database connected Successfully 
Sunday 5th January 2020 09:37:35 PM [INFO] ::: [api.database.php]  Database connected Successfully 
Sunday 5th January 2020 09:37:36 PM [INFO] ::: [api.database.php]  Database connected Successfully 
Sunday 5th January 2020 09:37:37 PM [INFO] ::: [api.database.php]  Database connected Successfully 
Sunday 5th January 2020 09:37:38 PM [INFO] ::: [api.database.php]  Database connected Successfully 
Sunday 5th January 2020 09:37:39 PM [INFO] ::: [api.database.php]  Database connected Successfully 
Sunday 5th January 2020 09:37:40 PM [INFO] ::: [api.database.php]  Database connected Successfully 
Sunday 5th January 2020 09:37:41 PM [INFO] ::: [api.database.php]  Database connected Successfully 
Sunday 5th January 2020 09:37:42 PM [INFO] ::: [api.database.php]  Database connected Successfully 
Sunday 5th January 2020 09:37:43 PM [INFO] ::: [api.database.php]  Database connected Successfully 
Sunday 5th January 2020 09:37:44 PM [INFO] ::: [api.database.php]  Database connected Successfully 
Sunday 5th January 2020 09:37:45 PM [INFO] ::: [api.database.php]  Database connected Successfully 
Sunday 5th January 2020 09:37:46 PM [INFO] ::: [api.database.php]  Database connected Successfully 
Sunday 5th January 2020 09:37:47 PM [INFO] ::: [api.database.php]  Database connected Successfully 
Sunday 5th January 2020 09:37:48 PM [INFO] ::: [api.database.php]  Database connected Successfully 
Sunday 5th January 2020 09:37:49 PM [INFO] ::: [api.database.php]  Database connected Successfully 
Sunday 5th January 2020 09:37:50 PM [INFO] ::: [api.database.php]  Database connected Successfully 
Sunday 5th January 2020 09:37:51 PM [INFO] ::: [api.database.php]  Database connected Successfully 
Sunday 5th January 2020 09:37:52 PM [INFO] ::: [api.database.php]  Database connected Successfully 
Sunday 5th January 2020 09:37:53 PM [INFO] ::: [api.database.php]  Database connected Successfully 
Sunday 5th January 2020 09:37:54 PM [INFO] ::: [api.database.php]  Database connected Successfully 
Sunday 5th January 2020 09:37:55 PM [INFO] ::: [api.database.php]  Database connected Successfully 
Sunday 5th January 2020 09:37:56 PM [INFO] ::: [api.database.php]  Database connected Successfully 
Sunday 5th January 2020 09:37:57 PM [INFO] ::: [api.database.php]  Database connected Successfully 
Sunday 5th January 2020 09:37:58 PM [INFO] ::: [api.database.php]  Database connected Successfully 
Sunday 5th January 2020 09:37:59 PM [INFO] ::: [api.database.php]  Database connected Successfully 
Sunday 5th January 2020 09:38:00 PM [INFO] ::: [api.database.php]  Database connected Successfully 
Sunday 5th January 2020 09:38:01 PM [INFO] ::: [api.database.php]  Database connected Successfully 
Sunday 5th January 2020 09:38:02 PM [INFO] ::: [api.database.php]  Database connected Successfully 
Sunday 5th January 2020 09:38:03 PM [INFO] ::: [api.database.php]  Database connected Successfully 
Sunday 5th January 2020 09:38:04 PM [INFO] ::: [api.database.php]  Database connected Successfully 
Sunday 5th January 2020 09:38:05 PM [INFO] ::: [api.database.php]  Database connected Successfully 
Sunday 5th January 2020 09:38:06 PM [INFO] ::: [api.database.php]  Database connected Successfully 
Sunday 5th January 2020 09:38:07 PM [INFO] ::: [api.database.php]  Database connected Successfully 
Sunday 5th January 2020 09:38:08 PM [INFO] ::: [api.database.php]  Database connected Successfully 
Sunday 5th January 2020 09:38:09 PM [INFO] ::: [api.database.php]  Database connected Successfully 
Sunday 5th January 2020 09:38:10 PM [INFO] ::: [api.database.php]  Database connected Successfully 
Sunday 5th January 2020 09:38:11 PM [INFO] ::: [api.database.php]  Database connected Successfully 
Sunday 5th January 2020 09:38:12 PM [INFO] ::: [api.database.php]  Database connected Successfully 
Sunday 5th January 2020 09:38:13 PM [INFO] ::: [api.database.php]  Database connected Successfully 
Sunday 5th January 2020 09:38:14 PM [INFO] ::: [api.database.php]  Database connected Successfully 
Sunday 5th January 2020 09:38:15 PM [INFO] ::: [api.database.php]  Database connected Successfully 
Sunday 5th January 2020 09:38:16 PM [INFO] ::: [api.database.php]  Database connected Successfully 
Sunday 5th January 2020 09:38:17 PM [INFO] ::: [api.database.php]  Database connected Successfully 
Sunday 5th January 2020 09:38:18 PM [INFO] ::: [api.database.php]  Database connected Successfully 
Sunday 5th January 2020 09:38:19 PM [INFO] ::: [api.database.php]  Database connected Successfully 
Sunday 5th January 2020 09:38:20 PM [INFO] ::: [api.database.php]  Database connected Successfully 
Sunday 5th January 2020 09:38:21 PM [INFO] ::: [api.database.php]  Database connected Successfully 
Sunday 5th January 2020 09:38:22 PM [INFO] ::: [api.database.php]  Database connected Successfully 
Sunday 5th January 2020 09:38:23 PM [INFO] ::: [api.database.php]  Database connected Successfully 
Sunday 5th January 2020 09:38:24 PM [INFO] ::: [api.database.php]  Database connected Successfully 
Sunday 5th January 2020 09:38:25 PM [INFO] ::: [api.database.php]  Database connected Successfully 
Sunday 5th January 2020 09:38:26 PM [INFO] ::: [api.database.php]  Database connected Successfully 
Sunday 5th January 2020 09:38:27 PM [INFO] ::: [api.database.php]  Database connected Successfully 
Sunday 5th January 2020 09:38:28 PM [INFO] ::: [api.database.php]  Database connected Successfully 
Sunday 5th January 2020 09:38:29 PM [INFO] ::: [api.database.php]  Database connected Successfully 
Sunday 5th January 2020 09:38:30 PM [INFO] ::: [api.database.php]  Database connected Successfully 
Sunday 5th January 2020 09:38:31 PM [INFO] ::: [api.database.php]  Database connected Successfully 
Sunday 5th January 2020 09:38:32 PM [INFO] ::: [api.database.php]  Database connected Successfully 
Sunday 5th January 2020 09:38:33 PM [INFO] ::: [api.database.php]  Database connected Successfully 
Sunday 5th January 2020 09:38:35 PM [INFO] ::: [api.database.php]  Database connected Successfully 
Sunday 5th January 2020 09:38:36 PM [INFO] ::: [api.database.php]  Database connected Successfully 
Sunday 5th January 2020 09:38:37 PM [INFO] ::: [api.database.php]  Database connected Successfully 
Sunday 5th January 2020 09:38:38 PM [INFO] ::: [api.database.php]  Database connected Successfully 
Sunday 5th January 2020 09:38:39 PM [INFO] ::: [api.database.php]  Database connected Successfully 
Sunday 5th January 2020 09:38:40 PM [INFO] ::: [api.database.php]  Database connected Successfully 
Sunday 5th January 2020 09:38:41 PM [INFO] ::: [api.database.php]  Database connected Successfully 
Sunday 5th January 2020 09:38:42 PM [INFO] ::: [api.database.php]  Database connected Successfully 
Sunday 5th January 2020 09:38:43 PM [INFO] ::: [api.database.php]  Database connected Successfully 
Sunday 5th January 2020 09:38:44 PM [INFO] ::: [api.database.php]  Database connected Successfully 
Sunday 5th January 2020 09:38:45 PM [INFO] ::: [api.database.php]  Database connected Successfully 
Sunday 5th January 2020 09:38:46 PM [INFO] ::: [api.database.php]  Database connected Successfully 
Sunday 5th January 2020 09:38:47 PM [INFO] ::: [api.database.php]  Database connected Successfully 
Sunday 5th January 2020 09:38:48 PM [INFO] ::: [api.database.php]  Database connected Successfully 
Sunday 5th January 2020 09:38:49 PM [INFO] ::: [api.database.php]  Database connected Successfully 
Sunday 5th January 2020 09:38:50 PM [INFO] ::: [api.database.php]  Database connected Successfully 
Sunday 5th January 2020 09:38:51 PM [INFO] ::: [api.database.php]  Database connected Successfully 
Sunday 5th January 2020 09:38:52 PM [INFO] ::: [api.database.php]  Database connected Successfully 
Sunday 5th January 2020 09:38:53 PM [INFO] ::: [api.database.php]  Database connected Successfully 
Sunday 5th January 2020 09:38:54 PM [INFO] ::: [api.database.php]  Database connected Successfully 
Sunday 5th January 2020 09:38:55 PM [INFO] ::: [api.database.php]  Database connected Successfully 
Sunday 5th January 2020 09:38:56 PM [INFO] ::: [api.database.php]  Database connected Successfully 
Sunday 5th January 2020 09:38:57 PM [INFO] ::: [api.database.php]  Database connected Successfully 
Sunday 5th January 2020 09:38:57 PM [INFO] ::: [api.database.php]  Database connected Successfully 
Sunday 5th January 2020 09:38:58 PM [INFO] ::: [api.database.php]  Database connected Successfully 
Sunday 5th January 2020 09:38:59 PM [INFO] ::: [api.database.php]  Database connected Successfully 
Sunday 5th January 2020 09:39:00 PM [INFO] ::: [api.database.php]  Database connected Successfully 
Sunday 5th January 2020 09:39:01 PM [INFO] ::: [api.database.php]  Database connected Successfully 
Sunday 5th January 2020 09:39:02 PM [INFO] ::: [api.database.php]  Database connected Successfully 
Sunday 5th January 2020 09:39:03 PM [INFO] ::: [api.database.php]  Database connected Successfully 
Sunday 5th January 2020 09:39:04 PM [INFO] ::: [api.database.php]  Database connected Successfully 
Sunday 5th January 2020 09:39:05 PM [INFO] ::: [api.database.php]  Database connected Successfully 
Sunday 5th January 2020 09:39:06 PM [INFO] ::: [api.database.php]  Database connected Successfully 
Sunday 5th January 2020 09:39:07 PM [INFO] ::: [api.database.php]  Database connected Successfully 
Sunday 5th January 2020 09:39:08 PM [INFO] ::: [api.database.php]  Database connected Successfully 
Sunday 5th January 2020 09:39:09 PM [INFO] ::: [api.database.php]  Database connected Successfully 
Sunday 5th January 2020 09:39:10 PM [INFO] ::: [api.database.php]  Database connected Successfully 
Sunday 5th January 2020 09:39:11 PM [INFO] ::: [api.database.php]  Database connected Successfully 
Sunday 5th January 2020 09:39:12 PM [INFO] ::: [api.database.php]  Database connected Successfully 
Sunday 5th January 2020 09:39:13 PM [INFO] ::: [api.database.php]  Database connected Successfully 
Sunday 5th January 2020 09:39:14 PM [INFO] ::: [api.database.php]  Database connected Successfully 
Sunday 5th January 2020 09:39:15 PM [INFO] ::: [api.database.php]  Database connected Successfully 
Sunday 5th January 2020 09:39:16 PM [INFO] ::: [api.database.php]  Database connected Successfully 
Sunday 5th January 2020 09:39:17 PM [INFO] ::: [api.database.php]  Database connected Successfully 
Sunday 5th January 2020 09:39:18 PM [INFO] ::: [api.database.php]  Database connected Successfully 
Sunday 5th January 2020 09:39:19 PM [INFO] ::: [api.database.php]  Database connected Successfully 
Sunday 5th January 2020 09:39:20 PM [INFO] ::: [api.database.php]  Database connected Successfully 
Sunday 5th January 2020 09:39:21 PM [INFO] ::: [api.database.php]  Database connected Successfully 
Sunday 5th January 2020 09:39:22 PM [INFO] ::: [api.database.php]  Database connected Successfully 
Sunday 5th January 2020 09:39:23 PM [INFO] ::: [api.database.php]  Database connected Successfully 
Sunday 5th January 2020 09:39:24 PM [INFO] ::: [api.database.php]  Database connected Successfully 
Sunday 5th January 2020 09:39:25 PM [INFO] ::: [api.database.php]  Database connected Successfully 
Sunday 5th January 2020 09:39:26 PM [INFO] ::: [api.database.php]  Database connected Successfully 
Sunday 5th January 2020 09:39:27 PM [INFO] ::: [api.database.php]  Database connected Successfully 
Sunday 5th January 2020 09:39:28 PM [INFO] ::: [api.database.php]  Database connected Successfully 
Sunday 5th January 2020 09:39:29 PM [INFO] ::: [api.database.php]  Database connected Successfully 
Sunday 5th January 2020 09:39:30 PM [INFO] ::: [api.database.php]  Database connected Successfully 
Sunday 5th January 2020 09:39:31 PM [INFO] ::: [api.database.php]  Database connected Successfully 
Sunday 5th January 2020 09:39:32 PM [INFO] ::: [api.database.php]  Database connected Successfully 
Sunday 5th January 2020 09:39:33 PM [INFO] ::: [api.database.php]  Database connected Successfully 
Sunday 5th January 2020 09:39:33 PM [INFO] ::: [api.database.php]  Database connected Successfully 
Sunday 5th January 2020 09:39:34 PM [INFO] ::: [api.database.php]  Database connected Successfully 
Sunday 5th January 2020 09:39:35 PM [INFO] ::: [api.database.php]  Database connected Successfully 
Sunday 5th January 2020 09:39:36 PM [INFO] ::: [api.database.php]  Database connected Successfully 
Sunday 5th January 2020 09:39:37 PM [INFO] ::: [api.database.php]  Database connected Successfully 
Sunday 5th January 2020 09:39:38 PM [INFO] ::: [api.database.php]  Database connected Successfully 
Sunday 5th January 2020 09:39:39 PM [INFO] ::: [api.database.php]  Database connected Successfully 
Sunday 5th January 2020 09:39:40 PM [INFO] ::: [api.database.php]  Database connected Successfully 
Sunday 5th January 2020 09:39:41 PM [INFO] ::: [api.database.php]  Database connected Successfully 
Sunday 5th January 2020 09:39:42 PM [INFO] ::: [api.database.php]  Database connected Successfully 
Sunday 5th January 2020 09:39:43 PM [INFO] ::: [api.database.php]  Database connected Successfully 
Sunday 5th January 2020 09:39:44 PM [INFO] ::: [api.database.php]  Database connected Successfully 
Sunday 5th January 2020 09:39:45 PM [INFO] ::: [api.database.php]  Database connected Successfully 
Sunday 5th January 2020 09:39:46 PM [INFO] ::: [api.database.php]  Database connected Successfully 
Sunday 5th January 2020 09:39:47 PM [INFO] ::: [api.database.php]  Database connected Successfully 
Sunday 5th January 2020 09:39:48 PM [INFO] ::: [api.database.php]  Database connected Successfully 
Sunday 5th January 2020 09:39:49 PM [INFO] ::: [api.database.php]  Database connected Successfully 
Sunday 5th January 2020 09:39:50 PM [INFO] ::: [api.database.php]  Database connected Successfully 
Sunday 5th January 2020 09:39:51 PM [INFO] ::: [api.database.php]  Database connected Successfully 
Sunday 5th January 2020 09:39:52 PM [INFO] ::: [api.database.php]  Database connected Successfully 
Sunday 5th January 2020 09:39:53 PM [INFO] ::: [api.database.php]  Database connected Successfully 
Sunday 5th January 2020 09:39:54 PM [INFO] ::: [api.database.php]  Database connected Successfully 
Sunday 5th January 2020 09:39:55 PM [INFO] ::: [api.database.php]  Database connected Successfully 
Sunday 5th January 2020 09:39:56 PM [INFO] ::: [api.database.php]  Database connected Successfully 
Sunday 5th January 2020 09:39:56 PM [INFO] ::: [api.database.php]  Database connected Successfully 
Sunday 5th January 2020 09:39:57 PM [INFO] ::: [api.database.php]  Database connected Successfully 
Sunday 5th January 2020 09:39:58 PM [INFO] ::: [api.database.php]  Database connected Successfully 
Sunday 5th January 2020 09:39:59 PM [INFO] ::: [api.database.php]  Database connected Successfully 
Sunday 5th January 2020 09:40:00 PM [INFO] ::: [api.database.php]  Database connected Successfully 
Sunday 5th January 2020 09:40:02 PM [INFO] ::: [api.database.php]  Database connected Successfully 
Sunday 5th January 2020 09:40:03 PM [INFO] ::: [api.database.php]  Database connected Successfully 
Sunday 5th January 2020 09:40:04 PM [INFO] ::: [api.database.php]  Database connected Successfully 
Sunday 5th January 2020 09:40:05 PM [INFO] ::: [api.database.php]  Database connected Successfully 
Sunday 5th January 2020 09:40:06 PM [INFO] ::: [api.database.php]  Database connected Successfully 
Sunday 5th January 2020 09:40:07 PM [INFO] ::: [api.database.php]  Database connected Successfully 
Sunday 5th January 2020 09:40:08 PM [INFO] ::: [api.database.php]  Database connected Successfully 
Sunday 5th January 2020 09:40:09 PM [INFO] ::: [api.database.php]  Database connected Successfully 
Sunday 5th January 2020 09:40:10 PM [INFO] ::: [api.database.php]  Database connected Successfully 
Sunday 5th January 2020 09:40:11 PM [INFO] ::: [api.database.php]  Database connected Successfully 
Sunday 5th January 2020 09:40:12 PM [INFO] ::: [api.database.php]  Database connected Successfully 
Sunday 5th January 2020 09:40:13 PM [INFO] ::: [api.database.php]  Database connected Successfully 
Sunday 5th January 2020 09:40:14 PM [INFO] ::: [api.database.php]  Database connected Successfully 
Sunday 5th January 2020 09:40:15 PM [INFO] ::: [api.database.php]  Database connected Successfully 
Sunday 5th January 2020 09:40:16 PM [INFO] ::: [api.database.php]  Database connected Successfully 
Sunday 5th January 2020 09:40:17 PM [INFO] ::: [api.database.php]  Database connected Successfully 
Sunday 5th January 2020 09:40:18 PM [INFO] ::: [api.database.php]  Database connected Successfully 
Sunday 5th January 2020 09:40:19 PM [INFO] ::: [api.database.php]  Database connected Successfully 
Sunday 5th January 2020 09:40:20 PM [INFO] ::: [api.database.php]  Database connected Successfully 
Sunday 5th January 2020 09:40:21 PM [INFO] ::: [api.database.php]  Database connected Successfully 
Sunday 5th January 2020 09:40:22 PM [INFO] ::: [api.database.php]  Database connected Successfully 
Sunday 5th January 2020 09:40:23 PM [INFO] ::: [api.database.php]  Database connected Successfully 
Sunday 5th January 2020 09:40:24 PM [INFO] ::: [api.database.php]  Database connected Successfully 
Sunday 5th January 2020 09:40:25 PM [INFO] ::: [api.database.php]  Database connected Successfully 
Sunday 5th January 2020 09:40:26 PM [INFO] ::: [api.database.php]  Database connected Successfully 
Sunday 5th January 2020 09:40:27 PM [INFO] ::: [api.database.php]  Database connected Successfully 
Sunday 5th January 2020 09:40:28 PM [INFO] ::: [api.database.php]  Database connected Successfully 
Sunday 5th January 2020 09:40:29 PM [INFO] ::: [api.database.php]  Database connected Successfully 
Sunday 5th January 2020 09:40:30 PM [INFO] ::: [api.database.php]  Database connected Successfully 
Sunday 5th January 2020 09:40:31 PM [INFO] ::: [api.database.php]  Database connected Successfully 
Sunday 5th January 2020 09:40:32 PM [INFO] ::: [api.database.php]  Database connected Successfully 
Sunday 5th January 2020 09:40:33 PM [INFO] ::: [api.database.php]  Database connected Successfully 
Sunday 5th January 2020 09:40:34 PM [INFO] ::: [api.database.php]  Database connected Successfully 
Sunday 5th January 2020 09:40:35 PM [INFO] ::: [api.database.php]  Database connected Successfully 
Sunday 5th January 2020 09:40:36 PM [INFO] ::: [api.database.php]  Database connected Successfully 
Sunday 5th January 2020 09:40:37 PM [INFO] ::: [api.database.php]  Database connected Successfully 
Sunday 5th January 2020 09:40:38 PM [INFO] ::: [api.database.php]  Database connected Successfully 
Sunday 5th January 2020 09:40:39 PM [INFO] ::: [api.database.php]  Database connected Successfully 
Sunday 5th January 2020 09:40:40 PM [INFO] ::: [api.database.php]  Database connected Successfully 
Sunday 5th January 2020 09:40:41 PM [INFO] ::: [api.database.php]  Database connected Successfully 
Sunday 5th January 2020 09:40:42 PM [INFO] ::: [api.database.php]  Database connected Successfully 
Sunday 5th January 2020 09:40:43 PM [INFO] ::: [api.database.php]  Database connected Successfully 
Sunday 5th January 2020 09:40:44 PM [INFO] ::: [api.database.php]  Database connected Successfully 
Sunday 5th January 2020 09:40:45 PM [INFO] ::: [api.database.php]  Database connected Successfully 
Sunday 5th January 2020 09:40:46 PM [INFO] ::: [api.database.php]  Database connected Successfully 
Sunday 5th January 2020 09:40:47 PM [INFO] ::: [api.database.php]  Database connected Successfully 
Sunday 5th January 2020 09:40:48 PM [INFO] ::: [api.database.php]  Database connected Successfully 
Sunday 5th January 2020 09:40:49 PM [INFO] ::: [api.database.php]  Database connected Successfully 
Sunday 5th January 2020 09:40:50 PM [INFO] ::: [api.database.php]  Database connected Successfully 
Sunday 5th January 2020 09:40:51 PM [INFO] ::: [api.database.php]  Database connected Successfully 
Sunday 5th January 2020 09:40:52 PM [INFO] ::: [api.database.php]  Database connected Successfully 
Sunday 5th January 2020 09:40:53 PM [INFO] ::: [api.database.php]  Database connected Successfully 
Sunday 5th January 2020 09:40:54 PM [INFO] ::: [api.database.php]  Database connected Successfully 
Sunday 5th January 2020 09:40:55 PM [INFO] ::: [api.database.php]  Database connected Successfully 
Sunday 5th January 2020 09:40:56 PM [INFO] ::: [api.database.php]  Database connected Successfully 
Sunday 5th January 2020 09:40:57 PM [INFO] ::: [api.database.php]  Database connected Successfully 
Sunday 5th January 2020 09:40:58 PM [INFO] ::: [api.database.php]  Database connected Successfully 
Sunday 5th January 2020 09:40:59 PM [INFO] ::: [api.database.php]  Database connected Successfully 
Sunday 5th January 2020 09:41:00 PM [INFO] ::: [api.database.php]  Database connected Successfully 
Sunday 5th January 2020 09:41:01 PM [INFO] ::: [api.database.php]  Database connected Successfully 
Sunday 5th January 2020 09:41:02 PM [INFO] ::: [api.database.php]  Database connected Successfully 
Sunday 5th January 2020 09:41:03 PM [INFO] ::: [api.database.php]  Database connected Successfully 
Sunday 5th January 2020 09:41:04 PM [INFO] ::: [api.database.php]  Database connected Successfully 
Sunday 5th January 2020 09:41:05 PM [INFO] ::: [api.database.php]  Database connected Successfully 
Sunday 5th January 2020 09:41:06 PM [INFO] ::: [api.database.php]  Database connected Successfully 
Sunday 5th January 2020 09:43:54 PM [INFO] ::: [api.database.php]  Database connected Successfully 
Sunday 5th January 2020 09:43:55 PM [INFO] ::: [api.database.php]  Database connected Successfully 
Sunday 5th January 2020 09:43:56 PM [INFO] ::: [api.database.php]  Database connected Successfully 
Sunday 5th January 2020 09:49:31 PM [INFO] ::: [api.database.php]  Database connected Successfully 
Sunday 5th January 2020 09:49:32 PM [INFO] ::: [api.database.php]  Database connected Successfully 
Sunday 5th January 2020 09:49:33 PM [INFO] ::: [api.database.php]  Database connected Successfully 
Sunday 5th January 2020 09:49:34 PM [INFO] ::: [api.database.php]  Database connected Successfully 
Sunday 5th January 2020 09:49:35 PM [INFO] ::: [api.database.php]  Database connected Successfully 
Sunday 5th January 2020 09:49:36 PM [INFO] ::: [api.database.php]  Database connected Successfully 
Sunday 5th January 2020 09:49:37 PM [INFO] ::: [api.database.php]  Database connected Successfully 
Sunday 5th January 2020 09:49:38 PM [INFO] ::: [api.database.php]  Database connected Successfully 
Sunday 5th January 2020 09:49:39 PM [INFO] ::: [api.database.php]  Database connected Successfully 
Sunday 5th January 2020 09:54:23 PM [INFO] ::: [api.database.php]  Database connected Successfully 
Sunday 5th January 2020 09:54:24 PM [INFO] ::: [api.database.php]  Database connected Successfully 
Sunday 5th January 2020 09:54:25 PM [INFO] ::: [api.database.php]  Database connected Successfully 
Sunday 5th January 2020 09:54:26 PM [INFO] ::: [api.database.php]  Database connected Successfully 
Sunday 5th January 2020 09:54:27 PM [INFO] ::: [api.database.php]  Database connected Successfully 
Sunday 5th January 2020 09:54:28 PM [INFO] ::: [api.database.php]  Database connected Successfully 
Sunday 5th January 2020 09:54:29 PM [INFO] ::: [api.database.php]  Database connected Successfully 
Sunday 5th January 2020 09:54:30 PM [INFO] ::: [api.database.php]  Database connected Successfully 
Sunday 5th January 2020 09:54:31 PM [INFO] ::: [api.database.php]  Database connected Successfully 
Sunday 5th January 2020 09:54:32 PM [INFO] ::: [api.database.php]  Database connected Successfully 
Sunday 5th January 2020 09:54:33 PM [INFO] ::: [api.database.php]  Database connected Successfully 
Sunday 5th January 2020 09:54:33 PM [INFO] ::: [api.database.php]  Query(Status-Success) : INSERT INTO admin_role(role_Id,roleName) VALUES ('AR37139692','Administrator') 
Sunday 5th January 2020 10:02:29 PM [INFO] ::: [api.database.php]  Database connected Successfully 
Sunday 5th January 2020 10:02:30 PM [INFO] ::: [api.database.php]  Database connected Successfully 
Sunday 5th January 2020 10:02:30 PM [INFO] ::: [api.database.php]  Query(Status-Success) : INSERT INTO admin_accounts(account_Id, username, acc_pwd, role_Id, acc_active) VALUES ('AA47778618','Administrator','5f4dcc3b5aa765d61d8327deb882cf99','AR37139692','Y'); 
Sunday 5th January 2020 10:12:22 PM [INFO] ::: [api.database.php]  Database connected Successfully 
Sunday 5th January 2020 10:12:30 PM [INFO] ::: [api.database.php]  Database connected Successfully 
Sunday 5th January 2020 10:13:23 PM [INFO] ::: [api.database.php]  Database connected Successfully 
Sunday 5th January 2020 10:14:09 PM [INFO] ::: [api.database.php]  Database connected Successfully 
Sunday 5th January 2020 10:14:32 PM [INFO] ::: [api.database.php]  Database connected Successfully 
Sunday 5th January 2020 10:33:21 PM [INFO] ::: [api.database.php]  Database connected Successfully 
Sunday 5th January 2020 10:33:57 PM [INFO] ::: [api.database.php]  Database connected Successfully 
Sunday 5th January 2020 10:34:06 PM [INFO] ::: [api.database.php]  Database connected Successfully 
Sunday 5th January 2020 10:38:15 PM [INFO] ::: [api.database.php]  Database connected Successfully 
Sunday 5th January 2020 10:38:15 PM [INFO] ::: [api.database.php]  Query(Status-Success) : UPDATE admin_role SET roleName='Admin' WHERE role_Id='' 
Sunday 5th January 2020 10:38:49 PM [INFO] ::: [api.database.php]  Database connected Successfully 
Sunday 5th January 2020 10:38:49 PM [INFO] ::: [api.database.php]  Query(Status-Success) : UPDATE admin_role SET roleName='Admin' WHERE role_Id='AR37139692' 
Sunday 5th January 2020 10:46:42 PM [INFO] ::: [api.database.php]  Database connected Successfully 
Sunday 5th January 2020 10:46:42 PM [INFO] ::: [api.database.php]  Query(Status-Success) : UPDATE admin_accounts SET username='Administrator',acc_pwd='482c811da5d5b4bc6d497ffa98491e38',acc_active='N' WHERE account_Id='AA47778618'; 
Sunday 5th January 2020 10:47:37 PM [INFO] ::: [api.database.php]  Database connected Successfully 
Sunday 5th January 2020 10:47:37 PM [INFO] ::: [api.database.php]  Query(Status-Success) : UPDATE admin_accounts SET username='Administrator',acc_pwd='482c811da5d5b4bc6d497ffa98491e38',acc_active='N' WHERE account_Id='AA47778618'; 
Sunday 5th January 2020 11:08:02 PM [INFO] ::: [api.database.php]  Database connected Successfully 
Sunday 5th January 2020 11:08:02 PM [INFO] ::: [api.database.php]  Query(Status-Success) : UPDATE admin_role SET roleName='Admin' WHERE role_Id='AR37139692' 
Sunday 5th January 2020 11:08:29 PM [INFO] ::: [api.database.php]  Database connected Successfully 
